[2021-01-31 19:38:32] START
[2021-01-31 19:38:55] CREATE acs_empresa.py: 0
[2021-01-31 19:39:25] CREATE acs_usuario_empresa.py: 0
[2021-01-31 19:40:32] CREATE acs_projeto.py: 0
[2021-01-31 19:40:40] CREATE acs_cliente.py: 0
[2021-01-31 19:40:47] CREATE acs_fornecedor.py: 0
[2021-01-31 19:40:52] CREATE acs_venda.py: 0
[2021-01-31 19:40:58] CREATE acs_produto.py: 0
[2021-01-31 19:41:04] CREATE acs_item_venda.py: 0
[2021-01-31 19:41:52] EDIT model_seven/controllers/acs_empresa.py: 0
[2021-01-31 19:42:35] EDIT model_seven/controllers/acs_cliente.py: 2
[2021-01-31 19:42:44] EDIT model_seven/controllers/acs_venda.py: 2
[2021-01-31 19:42:47] EDIT model_seven/controllers/acs_usuario_empresa.py: 2
[2021-01-31 19:42:51] EDIT model_seven/controllers/acs_projeto.py: 2
[2021-01-31 19:42:53] EDIT model_seven/controllers/acs_produto.py: 2
[2021-01-31 19:42:56] EDIT model_seven/controllers/acs_item_venda.py: 2
[2021-01-31 19:42:59] EDIT model_seven/controllers/acs_fornecedor.py: 2
[2021-01-31 19:44:37] EDIT model_seven/controllers/acs_usuario_empresa.py: 1
[2021-01-31 19:45:06] EDIT model_seven/controllers/acs_usuario_empresa.py: 2
[2021-01-31 19:45:16] EDIT model_seven/controllers/acs_venda.py: 3
[2021-01-31 19:45:25] EDIT model_seven/controllers/acs_usuario_empresa.py: 6
[2021-01-31 19:45:30] EDIT model_seven/controllers/acs_projeto.py: 3
[2021-01-31 19:45:35] EDIT model_seven/controllers/acs_produto.py: 3
[2021-01-31 19:45:39] EDIT model_seven/controllers/acs_item_venda.py: 3
[2021-01-31 19:45:43] EDIT model_seven/controllers/acs_fornecedor.py: 3
[2021-01-31 19:45:48] EDIT model_seven/controllers/acs_cliente.py: 3
[2021-01-31 19:45:53] EDIT model_seven/controllers/acs_empresa.py: 5
[2021-01-31 19:46:21] EDIT model_seven/controllers/acs_projeto.py: 2
[2021-01-31 19:46:43] EDIT model_seven/controllers/acs_projeto.py: 2
[2021-01-31 19:47:11] EDIT model_seven/controllers/acs_cliente.py: 4
[2021-01-31 19:48:36] EDIT model_seven/controllers/acs_cliente.py: 0
[2021-01-31 19:49:07] EDIT model_seven/controllers/acs_fornecedor.py: 4
[2021-01-31 19:49:23] EDIT model_seven/controllers/acs_venda.py: 2
[2021-01-31 19:49:30] EDIT model_seven/controllers/acs_item_venda.py: 2
[2021-01-31 19:49:37] EDIT model_seven/controllers/acs_item_venda.py: -2
[2021-01-31 19:49:41] EDIT model_seven/controllers/acs_produto.py: 2
[2021-01-31 19:51:38] EDIT model_seven/controllers/acs_produto.py: 2
[2021-01-31 19:51:57] EDIT model_seven/controllers/acs_venda.py: 2
[2021-01-31 19:52:15] EDIT model_seven/controllers/acs_fornecedor.py: 4
[2021-01-31 19:53:02] EDIT model_seven/controllers/acs_cliente.py: 4
[2021-01-31 19:53:42] EDIT model_seven/controllers/acs_projeto.py: 4
[2021-01-31 19:54:05] EDIT model_seven/controllers/acs_usuario_empresa.py: 6
[2021-02-01 00:25:28] EDIT model_seven/controllers/default.py: -1
[2021-02-01 00:25:34] EDIT model_seven/views/default/index.html: 64
[2021-02-01 00:53:51] CREATE acs_empresa/index.html: 0
[2021-02-01 00:53:57] EDIT model_seven/views/acs_empresa/index.html: 104
[2021-02-01 00:55:40] EDIT model_seven/controllers/acs_empresa.py: 7
[2021-02-01 01:18:06] EDIT model_seven/models/db.py: 83
[2021-02-01 01:18:29] CREATE db1.py: 0
[2021-02-01 01:36:39] EDIT model_seven/models/db1.py: 34
[2021-02-01 01:37:10] EDIT model_seven/models/db.py: 0
[2021-02-01 01:38:10] CREATE validadores.py: 0
[2021-02-01 01:38:43] EDIT model_seven/models/validadores.py: 13
[2021-02-01 01:39:03] EDIT model_seven/controllers/acs_empresa.py: 5
[2021-02-01 01:39:45] EDIT model_seven/controllers/acs_empresa.py: 1
[2021-02-01 01:40:05] EDIT model_seven/views/acs_empresa/index.html: 0
[2021-02-01 01:40:26] EDIT model_seven/views/acs_empresa/index.html: 0
[2021-02-01 01:41:04] EDIT model_seven/views/acs_empresa/index.html: 0
[2021-02-01 01:41:20] EDIT model_seven/views/acs_empresa/index.html: 0
[2021-02-01 01:41:58] EDIT model_seven/views/acs_empresa/index.html: 0
[2021-02-01 01:42:21] EDIT model_seven/views/acs_empresa/index.html: 0
[2021-02-01 01:42:31] EDIT model_seven/views/acs_empresa/index.html: 0
[2021-02-01 01:42:43] CREATE acs_cliente/index.html: 0
[2021-02-01 01:43:04] EDIT model_seven/views/acs_cliente/index.html: 63
[2021-02-01 01:43:56] EDIT model_seven/controllers/acs_cliente.py: 30
[2021-02-01 01:44:51] EDIT model_seven/views/acs_cliente/index.html: 2
[2021-02-01 01:45:34] EDIT model_seven/views/acs_cliente/index.html: 2
[2021-02-01 01:45:52] EDIT model_seven/views/acs_cliente/index.html: 14
[2021-02-01 01:46:25] EDIT model_seven/views/acs_cliente/index.html: 19
[2021-02-01 01:46:43] EDIT model_seven/views/acs_cliente/index.html: 0
[2021-02-01 01:47:12] EDIT model_seven/views/acs_cliente/index.html: 0
[2021-02-01 01:47:40] EDIT model_seven/views/acs_cliente/index.html: 0
[2021-02-01 01:48:04] EDIT model_seven/views/acs_cliente/index.html: 0
[2021-02-01 01:48:18] EDIT model_seven/views/acs_cliente/index.html: 0
[2021-02-01 01:48:47] EDIT model_seven/controllers/acs_cliente.py: 26
[2021-02-01 01:50:03] EDIT model_seven/views/acs_cliente/index.html: 0
[2021-02-01 01:50:09] EDIT model_seven/views/acs_cliente/index.html: 0
[2021-02-01 01:51:51] EDIT model_seven/views/acs_cliente/index.html: 8
[2021-02-01 01:52:50] EDIT model_seven/views/acs_cliente/index.html: 1
[2021-02-01 01:53:26] EDIT model_seven/views/acs_cliente/index.html: 0
[2021-02-01 01:56:29] EDIT model_seven/views/acs_cliente/index.html: 0
[2021-02-01 01:59:19] EDIT model_seven/views/acs_cliente/index.html: 0
[2021-02-01 02:09:07] EDIT model_seven/controllers/acs_venda.py: 33
[2021-02-01 02:09:24] EDIT model_seven/controllers/acs_venda.py: 0
[2021-02-01 02:10:11] EDIT model_seven/controllers/acs_venda.py: -1
[2021-02-01 02:12:15] EDIT model_seven/controllers/acs_venda.py: -27
[2021-02-01 02:14:03] EDIT model_seven/controllers/acs_venda.py: 39
[2021-02-01 02:14:19] CREATE acs_venda/index.html: 0
[2021-02-01 02:20:22] EDIT model_seven/views/acs_cliente/index.html: 0
[2021-02-01 02:20:54] EDIT model_seven/views/acs_cliente/index.html: 0
[2021-02-01 02:21:23] EDIT model_seven/controllers/acs_cliente.py: 0
[2021-02-01 02:21:55] EDIT model_seven/views/acs_cliente/index.html: 0
[2021-02-01 02:22:12] EDIT model_seven/views/acs_cliente/index.html: 0
[2021-02-01 02:22:37] EDIT model_seven/views/acs_cliente/index.html: 0
[2021-02-01 02:23:05] EDIT model_seven/views/acs_cliente/index.html: 0
[2021-02-01 02:23:13] EDIT model_seven/views/acs_cliente/index.html: 0
[2021-02-01 02:23:25] EDIT model_seven/views/acs_cliente/index.html: 0
[2021-02-01 02:23:26] EDIT model_seven/views/acs_cliente/index.html: 0
[2021-02-01 02:23:34] EDIT model_seven/views/acs_cliente/index.html: 0
[2021-02-01 02:24:07] EDIT model_seven/views/acs_cliente/index.html: 0
[2021-02-01 02:24:17] EDIT model_seven/views/acs_cliente/index.html: 0
[2021-02-01 02:24:31] EDIT model_seven/views/acs_cliente/index.html: 0
[2021-02-01 02:25:42] EDIT model_seven/controllers/acs_cliente.py: 0
[2021-02-01 02:26:53] EDIT model_seven/views/acs_venda/index.html: 58
[2021-02-01 02:27:24] EDIT model_seven/views/acs_venda/index.html: 0
[2021-02-01 02:27:52] EDIT model_seven/views/acs_venda/index.html: 0
[2021-02-01 02:28:50] EDIT model_seven/views/acs_venda/index.html: 3
[2021-02-01 02:29:26] EDIT model_seven/views/acs_venda/index.html: 0
[2021-02-01 02:30:08] EDIT model_seven/views/acs_venda/index.html: 10
[2021-02-01 02:30:40] EDIT model_seven/views/acs_cliente/index.html: 10
[2021-02-01 02:30:55] EDIT model_seven/views/acs_venda/index.html: 0
[2021-02-01 02:31:35] EDIT model_seven/views/acs_cliente/index.html: 0
[2021-02-01 02:31:37] EDIT model_seven/views/acs_venda/index.html: 0
[2021-02-01 02:32:24] EDIT model_seven/views/acs_venda/index.html: 5
[2021-02-01 02:35:57] EDIT model_seven/views/acs_venda/index.html: -1
[2021-02-01 02:36:12] EDIT model_seven/views/acs_venda/index.html: 2
[2021-02-01 02:36:25] EDIT model_seven/views/acs_venda/index.html: 1
[2021-02-01 02:36:36] EDIT model_seven/views/acs_venda/index.html: -1
[2021-02-01 02:40:04] EDIT model_seven/views/acs_venda/index.html: 35
[2021-02-01 02:41:45] EDIT model_seven/views/acs_venda/index.html: 6
[2021-02-01 02:42:02] EDIT model_seven/views/acs_venda/index.html: 0
[2021-02-01 02:43:23] EDIT model_seven/views/acs_cliente/index.html: 0
[2021-02-01 02:44:17] EDIT model_seven/controllers/acs_venda.py: -4
[2021-02-01 02:45:18] CREATE acs_venda/lista_cliente.html: 0
[2021-02-01 02:45:36] EDIT model_seven/views/acs_venda/index.html: -119
[2021-02-01 02:45:41] EDIT model_seven/views/acs_venda/lista_cliente.html: 118
[2021-02-01 02:46:13] EDIT model_seven/views/acs_venda/lista_cliente.html: 0
[2021-02-01 02:46:52] EDIT model_seven/views/acs_venda/lista_cliente.html: 0
[2021-02-01 02:47:13] EDIT model_seven/views/acs_venda/lista_cliente.html: 0
[2021-02-01 02:49:36] EDIT model_seven/controllers/acs_venda.py: 22
[2021-02-01 02:49:52] EDIT model_seven/controllers/acs_venda.py: 0
[2021-02-01 02:50:14] EDIT model_seven/views/acs_venda/lista_cliente.html: 0
[2021-02-01 03:06:30] EDIT model_seven/views/acs_empresa/index.html: 0
[2021-02-01 03:06:42] EDIT model_seven/views/acs_empresa/index.html: 0
[2021-02-01 03:06:55] CREATE acs_fornecedor/index.html: 0
[2021-02-01 03:07:22] EDIT model_seven/views/acs_fornecedor/index.html: 119
[2021-02-01 03:07:48] EDIT model_seven/controllers/acs_fornecedor.py: 31
[2021-02-01 03:09:12] EDIT model_seven/models/db.py: 2
[2021-02-01 03:09:35] EDIT model_seven/models/validadores.py: 2
[2021-02-01 03:10:57] EDIT model_seven/views/acs_fornecedor/index.html: 6
[2021-02-01 03:11:43] EDIT model_seven/views/acs_fornecedor/index.html: 0
[2021-02-01 03:12:33] EDIT model_seven/controllers/acs_fornecedor.py: 15
[2021-02-01 03:13:17] EDIT model_seven/views/acs_fornecedor/index.html: -1
[2021-02-01 03:14:49] EDIT model_seven/controllers/acs_produto.py: 37
[2021-02-01 03:14:59] CREATE acs_produto/lista_produto.html: 0
[2021-02-01 03:17:59] EDIT model_seven/views/acs_produto/lista_produto.html: 118
[2021-02-01 03:18:52] EDIT model_seven/controllers/acs_fornecedor.py: 11
[2021-02-01 03:19:23] EDIT model_seven/controllers/acs_fornecedor.py: 0
[2021-02-01 03:20:02] EDIT model_seven/views/acs_produto/lista_produto.html: 0
[2021-02-01 03:20:32] EDIT model_seven/views/acs_produto/lista_produto.html: 0
[2021-02-01 03:21:32] EDIT model_seven/controllers/acs_produto.py: 17
[2021-02-01 03:22:02] EDIT model_seven/views/acs_produto/lista_produto.html: 0
[2021-02-01 03:22:43] EDIT model_seven/views/acs_produto/lista_produto.html: 0
[2021-02-01 03:23:13] EDIT model_seven/views/acs_produto/lista_produto.html: 0
[2021-02-01 03:24:40] EDIT model_seven/views/acs_produto/lista_produto.html: 4
[2021-02-01 03:24:48] EDIT model_seven/views/acs_produto/lista_produto.html: 0
[2021-02-01 03:25:15] EDIT model_seven/views/acs_produto/lista_produto.html: 0
[2021-02-01 03:25:22] EDIT model_seven/views/acs_produto/lista_produto.html: 0
[2021-02-01 03:26:26] EDIT model_seven/controllers/acs_produto.py: 15
[2021-02-01 03:26:53] EDIT model_seven/controllers/acs_produto.py: 2
[2021-02-01 03:28:45] EDIT model_seven/views/acs_produto/lista_produto.html: 0
[2021-02-01 03:29:42] EDIT model_seven/views/acs_produto/lista_produto.html: 0
[2021-02-01 03:30:55] EDIT model_seven/views/acs_produto/lista_produto.html: 0
[2021-02-01 03:31:35] EDIT model_seven/views/acs_produto/lista_produto.html: 0
[2021-02-01 03:33:51] EDIT model_seven/views/acs_empresa/index.html: 0
[2021-02-01 03:34:04] CREATE acs_produto/index.html: 0
[2021-02-01 03:34:35] EDIT model_seven/controllers/acs_produto.py: 32
[2021-02-01 03:37:30] EDIT model_seven/views/acs_produto/index.html: 116
[2021-02-01 03:38:08] EDIT model_seven/views/acs_produto/index.html: 0
[2021-02-01 03:50:21] EDIT model_seven/controllers/acs_venda.py: 7
[2021-02-01 03:51:27] EDIT model_seven/views/acs_venda/lista_cliente.html: 0
[2021-02-01 03:52:00] EDIT model_seven/controllers/acs_venda.py: -1
[2021-02-01 03:52:35] EDIT model_seven/controllers/acs_item_venda.py: 33
[2021-02-01 03:52:48] CREATE acs_item_venda/lista_venda.html: 0
[2021-02-01 03:53:06] EDIT model_seven/views/acs_item_venda/lista_venda.html: 122
[2021-02-01 03:53:51] EDIT model_seven/views/acs_item_venda/lista_venda.html: 0
[2021-02-01 03:55:14] EDIT model_seven/views/acs_item_venda/lista_venda.html: 0
[2021-02-01 03:56:01] EDIT model_seven/views/acs_item_venda/lista_venda.html: 0
[2021-02-01 03:56:16] EDIT model_seven/views/acs_item_venda/lista_venda.html: 0
[2021-02-01 03:57:08] EDIT model_seven/views/acs_item_venda/lista_venda.html: 0
[2021-02-01 03:58:37] EDIT model_seven/views/acs_venda/lista_cliente.html: 0
[2021-02-01 03:58:56] EDIT model_seven/views/acs_venda/lista_cliente.html: 0
[2021-02-01 03:59:18] EDIT model_seven/views/acs_venda/lista_cliente.html: 0
[2021-02-01 03:59:54] EDIT model_seven/models/db1.py: 2
[2021-02-01 04:00:49] EDIT model_seven/views/acs_venda/lista_cliente.html: 0
[2021-02-01 04:01:23] EDIT model_seven/views/acs_venda/lista_cliente.html: -8
[2021-02-01 04:01:33] EDIT model_seven/views/acs_venda/lista_cliente.html: 1
[2021-02-01 04:02:00] EDIT model_seven/views/acs_venda/lista_cliente.html: 0
[2021-02-01 04:03:09] EDIT model_seven/views/acs_venda/lista_cliente.html: 0
[2021-02-01 04:03:41] EDIT model_seven/views/acs_venda/lista_cliente.html: 0
[2021-02-01 04:03:47] EDIT model_seven/views/acs_venda/lista_cliente.html: 0
[2021-02-01 04:08:34] EDIT model_seven/views/acs_item_venda/lista_venda.html: 0
[2021-02-01 04:08:43] EDIT model_seven/views/acs_item_venda/lista_venda.html: 0
[2021-02-01 04:09:30] EDIT model_seven/controllers/acs_item_venda.py: 34
[2021-02-01 04:09:42] CREATE acs_item_venda/buscar.html: 0
[2021-02-01 04:09:56] EDIT model_seven/views/acs_item_venda/buscar.html: 84
[2021-02-01 04:10:16] EDIT model_seven/views/acs_item_venda/buscar.html: 0
[2021-02-01 04:11:08] EDIT model_seven/controllers/acs_item_venda.py: 25
[2021-02-01 04:11:14] EDIT model_seven/controllers/acs_item_venda.py: -1
[2021-02-01 04:11:38] EDIT model_seven/controllers/acs_item_venda.py: 0
[2021-02-01 04:12:00] EDIT model_seven/models/db1.py: 0
[2021-02-01 04:12:39] EDIT model_seven/controllers/acs_item_venda.py: 0
[2021-02-01 04:13:05] EDIT model_seven/views/acs_item_venda/lista_venda.html: 0
[2021-02-01 04:14:53] EDIT model_seven/views/acs_item_venda/lista_venda.html: -3
[2021-02-01 04:15:35] EDIT model_seven/views/acs_item_venda/lista_venda.html: 0
[2021-02-01 04:16:35] EDIT model_seven/views/acs_item_venda/lista_venda.html: 2
[2021-02-01 04:16:51] EDIT model_seven/views/acs_item_venda/lista_venda.html: 0
[2021-02-01 04:17:17] EDIT model_seven/views/acs_item_venda/lista_venda.html: -7
[2021-02-01 04:17:35] EDIT model_seven/views/acs_item_venda/lista_venda.html: 2
[2021-02-01 04:17:43] EDIT model_seven/views/acs_item_venda/lista_venda.html: 0
[2021-02-01 04:17:49] EDIT model_seven/views/acs_item_venda/lista_venda.html: 0
[2021-02-01 04:18:08] EDIT model_seven/views/acs_item_venda/lista_venda.html: 0
[2021-02-01 04:18:25] EDIT model_seven/views/acs_item_venda/lista_venda.html: 2
[2021-02-01 04:18:51] EDIT model_seven/views/acs_item_venda/lista_venda.html: 0
[2021-02-01 04:19:00] EDIT model_seven/views/acs_item_venda/lista_venda.html: 0
[2021-02-01 04:19:18] EDIT model_seven/views/acs_item_venda/lista_venda.html: 0
[2021-02-01 04:19:37] EDIT model_seven/views/acs_item_venda/lista_venda.html: 0
[2021-02-01 04:19:53] EDIT model_seven/views/acs_item_venda/lista_venda.html: 0
[2021-02-01 04:20:29] EDIT model_seven/views/acs_item_venda/lista_venda.html: 2
[2021-02-01 04:20:48] EDIT model_seven/views/acs_item_venda/lista_venda.html: -2
[2021-02-01 04:32:34] EDIT model_seven/views/acs_item_venda/lista_venda.html: 4
[2021-02-01 04:33:11] EDIT model_seven/views/acs_item_venda/lista_venda.html: 0
[2021-02-01 04:33:41] EDIT model_seven/views/acs_item_venda/lista_venda.html: 1
[2021-02-01 04:34:21] EDIT model_seven/views/acs_item_venda/lista_venda.html: -1
[2021-02-01 04:34:33] EDIT model_seven/views/acs_item_venda/lista_venda.html: 0
[2021-02-01 04:35:25] EDIT model_seven/controllers/acs_item_venda.py: 2
[2021-02-01 04:35:56] EDIT model_seven/views/acs_item_venda/lista_venda.html: 0
[2021-02-01 04:36:24] EDIT model_seven/views/acs_item_venda/lista_venda.html: 0
[2021-02-01 04:38:22] EDIT model_seven/views/acs_item_venda/lista_venda.html: 3
[2021-02-01 04:38:36] EDIT model_seven/views/acs_item_venda/lista_venda.html: 0
[2021-02-01 04:38:44] EDIT model_seven/views/acs_item_venda/lista_venda.html: 0
[2021-02-01 04:38:52] EDIT model_seven/views/acs_item_venda/lista_venda.html: 0
[2021-02-01 04:39:12] EDIT model_seven/views/acs_item_venda/lista_venda.html: 0
[2021-02-01 04:39:57] EDIT model_seven/controllers/acs_item_venda.py: 8
[2021-02-01 04:40:52] EDIT model_seven/views/acs_item_venda/lista_venda.html: -1
[2021-02-01 04:41:25] EDIT model_seven/views/acs_item_venda/lista_venda.html: 0
[2021-02-01 04:41:34] EDIT model_seven/views/acs_item_venda/lista_venda.html: 0
[2021-02-01 04:42:03] EDIT model_seven/views/acs_item_venda/lista_venda.html: 0
[2021-02-01 04:42:49] EDIT model_seven/views/acs_item_venda/lista_venda.html: 2
[2021-02-01 04:43:28] EDIT model_seven/views/acs_item_venda/lista_venda.html: 2
[2021-02-01 04:53:54] EDIT model_seven/views/acs_item_venda/lista_venda.html: 0
[2021-02-01 04:54:20] EDIT model_seven/views/acs_item_venda/lista_venda.html: 3
[2021-02-01 04:54:41] EDIT model_seven/views/acs_item_venda/lista_venda.html: 0
[2021-02-01 04:55:24] EDIT model_seven/views/acs_item_venda/lista_venda.html: 0
[2021-02-01 04:55:39] EDIT model_seven/views/acs_item_venda/lista_venda.html: 0
[2021-02-01 04:55:45] EDIT model_seven/views/acs_item_venda/lista_venda.html: 0
[2021-02-01 04:57:58] EDIT model_seven/views/acs_item_venda/lista_venda.html: 0
[2021-02-01 04:59:01] EDIT model_seven/controllers/acs_item_venda.py: 10
[2021-02-01 04:59:12] EDIT model_seven/controllers/acs_item_venda.py: 0
[2021-02-01 04:59:23] EDIT model_seven/controllers/acs_item_venda.py: 0
[2021-02-01 05:00:47] EDIT model_seven/controllers/acs_item_venda.py: 0
[2021-02-01 05:02:10] EDIT model_seven/views/acs_item_venda/lista_venda.html: 7
[2021-02-01 05:02:30] EDIT model_seven/views/acs_item_venda/lista_venda.html: 0
[2021-02-01 05:02:38] EDIT model_seven/views/acs_item_venda/lista_venda.html: 0
[2021-02-01 05:03:27] EDIT model_seven/views/acs_item_venda/lista_venda.html: 7
[2021-02-01 05:04:07] EDIT model_seven/views/acs_item_venda/lista_venda.html: 4
[2021-02-01 05:04:26] EDIT model_seven/views/acs_item_venda/lista_venda.html: 0
[2021-02-01 05:04:57] EDIT model_seven/controllers/acs_item_venda.py: 0
[2021-02-01 05:06:03] EDIT model_seven/views/acs_item_venda/lista_venda.html: 0
[2021-02-01 05:06:33] EDIT model_seven/views/acs_item_venda/lista_venda.html: 0
[2021-02-01 05:07:28] EDIT model_seven/views/acs_item_venda/lista_venda.html: 0
[2021-02-01 06:18:07] EDIT model_seven/views/layout.html: 1
[2021-02-01 06:19:40] EDIT model_seven/views/layout.html: 1
[2021-02-01 06:20:27] EDIT model_seven/views/layout.html: 0
[2021-02-01 06:21:29] EDIT model_seven/views/layout.html: 0
[2021-02-01 17:51:51] EDIT model_seven/views/layout.html: 0
[2021-02-01 17:55:40] EDIT model_seven/controllers/acs_produto.py: 0
[2021-02-01 17:56:30] EDIT model_seven/views/acs_produto/index.html: 0
[2021-02-01 17:58:05] EDIT model_seven/controllers/acs_item_venda.py: 33
[2021-02-01 17:58:40] EDIT model_seven/views/acs_produto/index.html: 0
[2021-02-01 17:59:29] EDIT model_seven/controllers/acs_item_venda.py: 0
[2021-02-01 17:59:45] EDIT model_seven/controllers/acs_item_venda.py: 0
[2021-02-01 18:00:38] EDIT model_seven/views/acs_produto/index.html: 0
[2021-02-01 18:00:40] EDIT model_seven/views/acs_produto/index.html: 0
[2021-02-01 18:01:06] EDIT model_seven/controllers/acs_item_venda.py: 1
[2021-02-01 18:02:13] EDIT model_seven/controllers/acs_item_venda.py: 0
[2021-02-01 18:02:59] EDIT model_seven/controllers/acs_item_venda.py: -1
[2021-02-01 18:03:32] EDIT model_seven/controllers/acs_item_venda.py: -2
[2021-02-01 18:03:47] CREATE acs_item_venda/lista_produto.html: 0
[2021-02-01 18:03:55] EDIT model_seven/views/acs_item_venda/lista_produto.html: 116
[2021-02-01 18:10:29] EDIT model_seven/views/acs_item_venda/lista_produto.html: -5
[2021-02-01 18:10:45] EDIT model_seven/views/acs_item_venda/lista_produto.html: 0
[2021-02-01 18:10:58] EDIT model_seven/views/acs_item_venda/lista_produto.html: 0
[2021-02-01 18:11:48] EDIT model_seven/views/acs_item_venda/lista_produto.html: -1
[2021-02-01 18:11:57] EDIT model_seven/views/acs_item_venda/lista_produto.html: 1
[2021-02-01 18:12:20] EDIT model_seven/views/acs_item_venda/lista_produto.html: 0
[2021-02-01 18:12:43] EDIT model_seven/views/acs_item_venda/lista_produto.html: 0
[2021-02-01 18:12:56] EDIT model_seven/views/acs_item_venda/lista_produto.html: 0
[2021-02-01 18:13:12] EDIT model_seven/views/acs_item_venda/lista_produto.html: 1
[2021-02-01 18:13:27] EDIT model_seven/views/acs_item_venda/lista_produto.html: 0
[2021-02-01 18:14:12] EDIT model_seven/views/acs_item_venda/lista_produto.html: 0
[2021-02-01 18:24:21] EDIT model_seven/controllers/acs_item_venda.py: 1
[2021-02-01 18:26:52] EDIT model_seven/views/acs_item_venda/lista_produto.html: 0
[2021-02-01 18:28:44] EDIT model_seven/views/acs_item_venda/lista_produto.html: 1
[2021-02-01 18:28:46] EDIT model_seven/views/acs_item_venda/lista_produto.html: 0
[2021-02-01 18:29:55] EDIT model_seven/views/acs_item_venda/lista_produto.html: -19
[2021-02-01 18:30:21] EDIT model_seven/views/acs_item_venda/lista_produto.html: 0
[2021-02-01 18:30:31] EDIT model_seven/views/acs_item_venda/lista_produto.html: 0
[2021-02-01 18:31:02] EDIT model_seven/views/acs_item_venda/lista_produto.html: -2
[2021-02-01 18:32:17] EDIT model_seven/controllers/acs_item_venda.py: 0
[2021-02-01 18:32:51] EDIT model_seven/views/acs_item_venda/lista_produto.html: 0
[2021-02-01 18:34:07] EDIT model_seven/views/acs_empresa/index.html: 0
[2021-02-01 18:34:17] EDIT model_seven/views/acs_empresa/index.html: 0
[2021-02-01 18:35:12] EDIT model_seven/controllers/acs_venda.py: -4
[2021-02-01 18:35:36] EDIT model_seven/views/acs_venda/index.html: 123
[2021-02-01 18:36:56] EDIT model_seven/views/acs_venda/index.html: -5
[2021-02-01 18:37:56] EDIT model_seven/views/acs_venda/index.html: -6
[2021-02-01 18:38:08] EDIT model_seven/views/acs_venda/index.html: 0
[2021-02-01 18:38:41] EDIT model_seven/views/acs_venda/index.html: 0
[2021-02-01 18:38:44] EDIT model_seven/views/acs_venda/index.html: 0
[2021-02-01 18:39:04] EDIT model_seven/views/acs_venda/index.html: 0
[2021-02-01 18:39:19] EDIT model_seven/views/acs_venda/index.html: 0
[2021-02-01 18:39:29] EDIT model_seven/views/acs_venda/index.html: 0
[2021-02-01 18:39:36] EDIT model_seven/views/acs_venda/index.html: 0
[2021-02-01 18:40:13] EDIT model_seven/controllers/acs_venda.py: 28
[2021-02-01 18:41:18] EDIT model_seven/controllers/acs_venda.py: 1
[2021-02-01 18:41:56] EDIT model_seven/controllers/acs_venda.py: 0
[2021-02-01 18:42:00] EDIT model_seven/controllers/acs_venda.py: 0
[2021-02-01 18:42:13] EDIT model_seven/controllers/acs_venda.py: 0
[2021-02-01 18:43:07] EDIT model_seven/views/acs_venda/index.html: 1
[2021-02-01 18:43:17] EDIT model_seven/views/acs_venda/index.html: 0
[2021-02-01 18:43:27] EDIT model_seven/views/acs_venda/index.html: 0
[2021-02-01 18:43:34] EDIT model_seven/views/acs_venda/index.html: 0
[2021-02-01 18:44:02] EDIT model_seven/views/acs_venda/index.html: 1
[2021-02-01 18:44:21] EDIT model_seven/views/acs_venda/index.html: 0
[2021-02-01 18:45:45] EDIT model_seven/views/acs_venda/index.html: 1
[2021-02-01 18:46:35] EDIT model_seven/views/acs_venda/index.html: -1
[2021-02-01 18:47:14] EDIT model_seven/views/acs_venda/index.html: -3
[2021-02-01 18:48:09] EDIT model_seven/views/acs_venda/index.html: -5
[2021-02-01 19:03:34] EDIT model_seven/views/acs_empresa/index.html: 0
[2021-02-01 19:03:47] CREATE acs_item_venda/index.html: 0
[2021-02-01 19:05:11] EDIT model_seven/controllers/acs_item_venda.py: 27
[2021-02-01 19:05:18] EDIT model_seven/controllers/acs_item_venda.py: 0
[2021-02-01 19:06:47] EDIT model_seven/views/acs_item_venda/index.html: 111
[2021-02-01 19:07:31] EDIT model_seven/views/acs_item_venda/index.html: -1
[2021-02-01 19:08:16] EDIT model_seven/views/acs_item_venda/index.html: -5
[2021-02-01 19:08:34] EDIT model_seven/views/acs_item_venda/index.html: 0
[2021-02-01 19:08:45] EDIT model_seven/views/acs_item_venda/index.html: 0
[2021-02-01 19:09:10] EDIT model_seven/views/acs_item_venda/index.html: 1
[2021-02-01 19:09:28] EDIT model_seven/views/acs_item_venda/index.html: 1
[2021-02-01 19:09:46] EDIT model_seven/views/acs_item_venda/index.html: 0
[2021-02-01 19:11:07] EDIT model_seven/views/layout.html: 0
[2021-02-01 19:13:58] EDIT model_seven/views/acs_item_venda/index.html: 8
[2021-02-01 19:14:17] EDIT model_seven/views/acs_item_venda/index.html: -6
[2021-02-01 19:15:19] EDIT model_seven/views/acs_item_venda/index.html: 2
[2021-02-01 19:18:01] EDIT model_seven/models/menu.py: -88
[2021-02-01 19:18:57] EDIT model_seven/models/menu.py: 1
[2021-02-01 19:19:11] EDIT model_seven/views/layout.html: -3
[2021-02-01 19:20:07] EDIT model_seven/views/layout.html: -1
[2021-02-01 19:20:24] EDIT model_seven/views/layout.html: 0
[2021-02-01 19:22:21] EDIT model_seven/views/acs_fornecedor/index.html: 0
[2021-02-01 19:25:37] EDIT model_seven/controllers/acs_item_venda.py: 3
[2021-02-01 19:28:59] EDIT model_seven/controllers/acs_item_venda.py: 0
[2021-02-01 19:30:42] EDIT model_seven/controllers/acs_item_venda.py: 4
[2021-02-01 19:39:50] EDIT model_seven/views/acs_produto/lista_produto.html: 5
[2021-02-01 19:41:58] EDIT model_seven/views/acs_produto/lista_produto.html: 1
[2021-02-01 19:43:13] EDIT model_seven/views/acs_produto/lista_produto.html: 2
[2021-02-01 19:45:33] EDIT model_seven/views/acs_item_venda/lista_venda.html: 8
[2021-02-01 19:46:01] EDIT model_seven/views/acs_item_venda/lista_venda.html: 0
[2021-02-01 19:47:51] EDIT model_seven/views/acs_item_venda/lista_venda.html: 0
[2021-02-01 19:47:54] EDIT model_seven/views/acs_item_venda/lista_venda.html: 0
[2021-02-01 19:48:54] EDIT model_seven/views/acs_item_venda/lista_venda.html: 0
[2021-02-01 19:49:22] EDIT model_seven/views/acs_item_venda/lista_venda.html: 0
[2021-02-01 19:49:36] EDIT model_seven/views/acs_item_venda/lista_venda.html: 0
[2021-02-01 19:49:44] EDIT model_seven/views/acs_item_venda/lista_venda.html: 1
[2021-02-01 19:50:09] EDIT model_seven/views/acs_item_venda/lista_venda.html: 0
[2021-02-01 19:50:18] EDIT model_seven/views/acs_item_venda/lista_venda.html: -6
[2021-02-01 19:50:29] EDIT model_seven/views/acs_item_venda/lista_venda.html: -2
[2021-02-01 19:50:58] EDIT model_seven/views/acs_item_venda/lista_venda.html: 2
[2021-02-01 19:51:07] EDIT model_seven/views/acs_item_venda/lista_venda.html: 6
[2021-02-01 19:51:15] EDIT model_seven/views/acs_item_venda/lista_venda.html: 0
[2021-02-01 19:51:20] EDIT model_seven/views/acs_item_venda/lista_venda.html: -7
[2021-02-01 19:53:00] EDIT model_seven/views/acs_item_venda/lista_venda.html: 0
[2021-02-01 19:53:19] EDIT model_seven/views/acs_item_venda/lista_venda.html: 7
[2021-02-01 19:54:15] EDIT model_seven/views/acs_item_venda/lista_venda.html: 0
[2021-02-01 19:54:41] EDIT model_seven/views/acs_item_venda/lista_venda.html: -2
[2021-02-01 19:55:28] EDIT model_seven/views/acs_item_venda/lista_venda.html: -4
[2021-02-01 19:56:35] EDIT model_seven/views/acs_item_venda/lista_venda.html: 4
[2021-02-01 19:57:06] EDIT model_seven/views/acs_item_venda/lista_venda.html: 0
[2021-02-01 19:57:31] EDIT model_seven/views/acs_item_venda/lista_venda.html: 0
[2021-02-01 19:58:07] EDIT model_seven/views/acs_item_venda/lista_venda.html: 0
[2021-02-01 19:58:22] EDIT model_seven/views/acs_item_venda/lista_venda.html: 0
[2021-02-01 19:58:53] EDIT model_seven/views/acs_item_venda/lista_venda.html: -4
[2021-02-01 19:59:18] EDIT model_seven/views/acs_item_venda/lista_venda.html: 0
[2021-02-01 19:59:50] EDIT model_seven/views/acs_item_venda/lista_venda.html: 0
[2021-02-01 20:00:00] EDIT model_seven/views/acs_item_venda/lista_venda.html: 0
[2021-02-01 20:00:17] EDIT model_seven/views/acs_item_venda/lista_venda.html: -1
[2021-02-01 20:02:28] EDIT model_seven/controllers/acs_item_venda.py: 4
[2021-02-01 20:02:39] EDIT model_seven/controllers/acs_item_venda.py: 0
[2021-02-01 20:02:58] EDIT model_seven/controllers/acs_item_venda.py: 0
[2021-02-01 20:03:45] EDIT model_seven/controllers/acs_item_venda.py: 0
[2021-02-01 20:04:00] EDIT model_seven/controllers/acs_item_venda.py: 0
[2021-02-01 20:04:06] EDIT model_seven/controllers/acs_item_venda.py: 0
[2021-02-01 20:05:14] EDIT model_seven/controllers/acs_item_venda.py: 0
[2021-02-01 20:06:36] EDIT model_seven/controllers/acs_item_venda.py: 9
[2021-02-01 20:06:52] EDIT model_seven/controllers/acs_item_venda.py: 0
[2021-02-01 20:07:21] EDIT model_seven/controllers/acs_item_venda.py: 0
[2021-02-01 20:08:11] EDIT model_seven/controllers/acs_item_venda.py: 0
[2021-02-01 20:08:43] EDIT model_seven/views/acs_item_venda/lista_venda.html: -2
[2021-02-01 20:09:20] EDIT model_seven/controllers/acs_item_venda.py: -10
[2021-02-01 20:11:53] EDIT model_seven/controllers/acs_item_venda.py: 10
[2021-02-01 20:12:54] EDIT model_seven/controllers/acs_item_venda.py: 0
[2021-02-01 20:14:45] EDIT model_seven/controllers/acs_item_venda.py: 0
[2021-02-01 20:15:17] EDIT model_seven/controllers/acs_item_venda.py: 0
[2021-02-01 20:15:32] EDIT model_seven/controllers/acs_item_venda.py: 0
[2021-02-01 20:16:14] EDIT model_seven/controllers/acs_item_venda.py: 0
[2021-02-01 20:18:54] EDIT model_seven/controllers/acs_item_venda.py: 1
[2021-02-01 20:19:36] EDIT model_seven/views/acs_cliente/index.html: 0
[2021-02-01 20:21:20] EDIT model_seven/views/acs_produto/lista_produto.html: 0
[2021-02-01 20:21:28] EDIT model_seven/views/acs_produto/lista_produto.html: 0
[2021-02-01 20:21:36] EDIT model_seven/views/acs_produto/lista_produto.html: 0
[2021-02-01 20:21:44] EDIT model_seven/views/acs_produto/lista_produto.html: 0
[2021-02-01 20:22:45] EDIT model_seven/controllers/acs_item_venda.py: 0
[2021-02-01 20:23:21] EDIT model_seven/views/acs_item_venda/index.html: 2
[2021-02-01 20:25:07] EDIT model_seven/controllers/acs_item_venda.py: 0
[2021-02-01 20:25:49] EDIT model_seven/controllers/acs_item_venda.py: 0
[2021-02-01 20:26:02] EDIT model_seven/controllers/acs_item_venda.py: 1
[2021-02-01 20:30:38] EDIT model_seven/controllers/acs_item_venda.py: 2
[2021-02-01 20:34:48] EDIT model_seven/views/default/index.html: 0
[2021-02-01 20:39:09] EDIT model_seven/views/default/index.html: 2
[2021-02-01 20:41:26] EDIT model_seven/views/default/index.html: 1
[2021-02-01 20:42:52] EDIT model_seven/views/default/index.html: 0
[2021-02-01 20:43:34] EDIT model_seven/views/default/index.html: 0
[2021-02-01 20:43:52] EDIT model_seven/views/default/index.html: 0
[2021-02-01 20:46:05] EDIT model_seven/views/default/index.html: 0
[2021-02-01 20:46:24] EDIT model_seven/views/default/index.html: -5
[2021-02-01 20:46:39] EDIT model_seven/views/default/index.html: 0
[2021-02-01 21:06:38] EDIT model_seven/views/default/index.html: 0
[2021-02-01 21:11:04] EDIT model_seven/views/default/index.html: 0
[2021-02-01 21:12:04] EDIT model_seven/views/default/index.html: 0
[2021-02-01 21:12:16] EDIT model_seven/views/default/index.html: 0
[2021-02-01 21:14:34] EDIT model_seven/views/default/index.html: 0
[2021-02-01 21:15:18] EDIT model_seven/views/default/index.html: 0
[2021-02-01 21:18:15] EDIT model_seven/views/default/index.html: 0
[2021-02-01 21:18:43] EDIT model_seven/views/default/index.html: 0
[2021-02-01 21:18:46] EDIT model_seven/views/default/index.html: 0
[2021-02-01 21:19:09] EDIT model_seven/views/default/index.html: 0
[2021-02-01 21:19:40] EDIT model_seven/views/default/index.html: 0
[2021-02-01 21:19:58] EDIT model_seven/views/default/index.html: 0
[2021-02-01 21:20:02] EDIT model_seven/views/default/index.html: 0
[2021-02-01 21:20:14] EDIT model_seven/views/default/index.html: 0
[2021-02-01 21:20:40] EDIT model_seven/views/default/index.html: 0
[2021-02-01 21:22:40] EDIT model_seven/views/default/index.html: 0
[2021-02-01 21:23:04] EDIT model_seven/views/default/index.html: 0
[2021-02-01 21:29:18] EDIT model_seven/models/menu.py: 1
[2021-02-01 21:29:25] EDIT model_seven/models/menu.py: 0
[2021-02-01 21:33:31] EDIT model_seven/views/acs_fornecedor/index.html: 1
[2021-02-01 21:34:40] EDIT model_seven/views/acs_fornecedor/index.html: 1
[2021-02-01 21:36:34] EDIT model_seven/controllers/acs_item_venda.py: 30
[2021-02-01 21:36:44] EDIT model_seven/controllers/acs_item_venda.py: 0
[2021-02-01 21:36:56] CREATE acs_item_venda/lista_pedidos.html: 0
[2021-02-01 21:38:29] EDIT model_seven/views/acs_item_venda/lista_pedidos.html: 113
[2021-02-01 21:39:03] EDIT model_seven/views/acs_item_venda/lista_pedidos.html: 0
[2021-02-01 21:39:21] EDIT model_seven/views/acs_item_venda/lista_pedidos.html: 0
[2021-02-01 21:39:56] EDIT model_seven/controllers/acs_item_venda.py: 0
[2021-02-01 21:39:57] EDIT model_seven/controllers/acs_item_venda.py: 0
[2021-02-01 21:40:57] EDIT model_seven/views/acs_item_venda/lista_pedidos.html: -2
[2021-02-01 21:41:38] EDIT model_seven/views/acs_item_venda/lista_pedidos.html: 0
[2021-02-01 21:41:56] EDIT model_seven/views/acs_item_venda/lista_pedidos.html: 0
[2021-02-01 21:42:31] EDIT model_seven/views/acs_item_venda/lista_pedidos.html: 0
[2021-02-01 21:44:12] EDIT model_seven/views/acs_item_venda/lista_pedidos.html: 0
[2021-02-01 21:44:48] EDIT model_seven/views/acs_item_venda/lista_pedidos.html: 8
[2021-02-01 21:45:26] EDIT model_seven/views/acs_item_venda/lista_pedidos.html: -8
[2021-02-01 21:45:38] EDIT model_seven/views/acs_item_venda/lista_pedidos.html: 0
[2021-02-01 21:46:16] EDIT model_seven/views/acs_item_venda/lista_pedidos.html: 0
[2021-02-01 21:47:22] EDIT model_seven/controllers/acs_item_venda.py: 3
[2021-02-01 21:47:45] EDIT model_seven/controllers/acs_item_venda.py: 1
[2021-02-01 21:47:49] EDIT model_seven/controllers/acs_item_venda.py: 0
[2021-02-01 22:15:50] EDIT model_seven/views/acs_venda/index.html: 2
[2021-02-01 22:16:48] EDIT model_seven/views/acs_venda/index.html: 5
[2021-02-01 22:16:56] EDIT model_seven/views/acs_venda/index.html: 0
[2021-02-01 22:17:39] EDIT model_seven/views/acs_venda/index.html: 0
[2021-02-01 22:18:14] EDIT model_seven/views/acs_venda/index.html: 0
[2021-02-01 22:19:33] EDIT model_seven/controllers/acs_item_venda.py: 50
[2021-02-01 22:19:49] EDIT model_seven/views/acs_venda/index.html: 0
[2021-02-01 22:20:09] CREATE acs_item_venda/lista_status.html: 0
[2021-02-01 22:20:21] EDIT model_seven/views/acs_item_venda/lista_status.html: 113
[2021-02-01 22:21:00] EDIT model_seven/views/acs_item_venda/lista_status.html: 0
[2021-02-01 22:24:57] EDIT model_seven/views/acs_item_venda/lista_status.html: 20
[2021-02-01 22:26:16] EDIT model_seven/views/acs_item_venda/lista_status.html: -18
[2021-02-01 22:26:44] EDIT model_seven/views/acs_item_venda/lista_status.html: -32
[2021-02-01 22:27:22] EDIT model_seven/views/acs_item_venda/lista_status.html: 32
[2021-02-01 22:27:52] EDIT model_seven/views/acs_item_venda/lista_status.html: 2
[2021-02-01 22:28:10] EDIT model_seven/views/acs_item_venda/lista_status.html: 0
[2021-02-01 22:29:34] EDIT model_seven/controllers/acs_venda.py: 6
[2021-02-01 22:30:02] EDIT model_seven/controllers/acs_venda.py: 1
[2021-02-01 22:30:45] EDIT model_seven/controllers/acs_venda.py: 0
[2021-02-01 22:31:04] EDIT model_seven/controllers/acs_venda.py: 1
[2021-02-01 22:31:27] EDIT model_seven/controllers/acs_venda.py: 1
[2021-02-01 22:31:40] EDIT model_seven/controllers/acs_venda.py: 0
[2021-02-01 22:32:48] EDIT model_seven/views/acs_item_venda/lista_status.html: 0
[2021-02-01 22:33:24] EDIT model_seven/controllers/acs_venda.py: 0
[2021-02-01 22:35:05] EDIT model_seven/controllers/acs_venda.py: 4
[2021-02-01 22:35:43] EDIT model_seven/views/acs_item_venda/lista_status.html: -2
[2021-02-01 22:38:11] EDIT model_seven/views/acs_item_venda/lista_status.html: 10
[2021-02-01 22:38:31] EDIT model_seven/views/acs_item_venda/lista_status.html: 0
[2021-02-01 22:38:55] EDIT model_seven/views/acs_item_venda/lista_status.html: -34
[2021-02-01 22:40:10] EDIT model_seven/views/acs_item_venda/lista_status.html: 37
[2021-02-01 22:40:26] EDIT model_seven/views/acs_item_venda/lista_status.html: -3
[2021-02-01 22:42:06] EDIT model_seven/views/acs_item_venda/lista_status.html: 7
[2021-02-01 22:42:21] EDIT model_seven/views/acs_item_venda/lista_status.html: 0
[2021-02-01 22:42:39] EDIT model_seven/views/acs_item_venda/lista_status.html: -1
[2021-02-01 22:44:13] EDIT model_seven/views/acs_item_venda/lista_status.html: 2
[2021-02-01 22:44:29] EDIT model_seven/views/acs_item_venda/lista_status.html: 0
[2021-02-01 22:45:54] EDIT model_seven/views/acs_item_venda/lista_status.html: 2
[2021-02-01 22:46:34] EDIT model_seven/models/validadores.py: 1
[2021-02-01 22:46:48] EDIT model_seven/views/acs_item_venda/lista_status.html: 0
[2021-02-01 22:48:11] EDIT model_seven/views/acs_item_venda/lista_status.html: 5
[2021-02-01 22:48:47] EDIT model_seven/views/acs_item_venda/lista_status.html: -1
[2021-02-02 01:18:03] EDIT model_seven/views/acs_venda/index.html: 32
[2021-02-02 01:19:31] EDIT model_seven/controllers/acs_venda.py: 14
[2021-02-02 01:23:27] EDIT model_seven/controllers/acs_venda.py: -28
[2021-02-02 01:23:53] EDIT model_seven/controllers/acs_venda.py: 1
[2021-02-02 01:24:24] EDIT model_seven/controllers/acs_venda.py: 1
[2021-02-02 01:25:22] EDIT model_seven/views/acs_venda/index.html: -37
[2021-02-02 01:26:09] EDIT model_seven/views/acs_venda/index.html: 0
[2021-02-02 01:27:18] EDIT model_seven/views/acs_venda/index.html: 12
[2021-02-02 01:35:04] EDIT model_seven/views/acs_venda/index.html: 0
[2021-02-02 01:35:31] EDIT model_seven/views/acs_venda/index.html: 0
[2021-02-02 01:36:18] EDIT model_seven/views/acs_venda/index.html: 0
[2021-02-02 01:37:26] EDIT model_seven/views/acs_venda/index.html: 0
[2021-02-02 02:26:54] EDIT model_seven/views/acs_item_venda/index.html: 0
[2021-02-02 02:27:58] EDIT model_seven/controllers/acs_item_venda.py: 1
[2021-02-02 02:28:12] EDIT model_seven/controllers/acs_item_venda.py: 0
[2021-02-02 02:28:30] EDIT model_seven/views/acs_item_venda/index.html: 0
[2021-02-02 02:59:03] EDIT model_seven/views/acs_produto/lista_produto.html: 2
[2021-02-02 02:59:08] EDIT model_seven/views/acs_produto/lista_produto.html: 0
[2021-02-02 02:59:30] EDIT model_seven/controllers/acs_produto.py: 0
[2021-02-02 03:01:36] EDIT model_seven/views/acs_produto/lista_produto.html: -2
[2021-02-02 03:02:03] EDIT model_seven/controllers/acs_venda.py: 0
[2021-02-02 03:02:19] EDIT model_seven/controllers/acs_venda.py: 0
[2021-02-02 03:14:26] EDIT model_seven/views/acs_empresa/index.html: 0
[2021-02-02 03:15:33] EDIT model_seven/views/acs_empresa/index.html: 0
[2021-02-02 03:16:04] EDIT model_seven/views/acs_empresa/index.html: 0
[2021-02-02 03:16:43] EDIT model_seven/views/acs_empresa/index.html: 0
[2021-02-02 03:18:01] EDIT model_seven/views/acs_empresa/index.html: 0
[2021-02-02 03:18:41] EDIT model_seven/views/acs_empresa/index.html: 0
[2021-02-02 03:19:40] EDIT model_seven/views/acs_empresa/index.html: 0
[2021-02-02 03:22:52] EDIT model_seven/views/acs_empresa/index.html: 12
[2021-02-02 03:23:19] EDIT model_seven/views/acs_empresa/index.html: 0
[2021-02-02 03:23:43] EDIT model_seven/views/acs_empresa/index.html: 0
[2021-02-02 03:24:15] EDIT model_seven/views/acs_empresa/index.html: 0
[2021-02-02 04:31:15] EDIT model_seven/views/acs_empresa/index.html: 0
[2021-02-02 04:31:38] CREATE acs_usuario_empresa/index.html: 0
[2021-02-02 04:31:59] EDIT model_seven/views/acs_usuario_empresa/index.html: 119
[2021-02-02 04:33:13] EDIT model_seven/controllers/acs_usuario_empresa.py: 30
[2021-02-02 04:33:18] EDIT model_seven/views/acs_usuario_empresa/index.html: 0
[2021-02-02 04:34:32] EDIT model_seven/views/acs_usuario_empresa/index.html: -10
[2021-02-02 04:35:02] EDIT model_seven/views/acs_usuario_empresa/index.html: 0
[2021-02-02 04:36:38] EDIT model_seven/views/acs_usuario_empresa/index.html: 2
[2021-02-02 04:36:50] EDIT model_seven/views/acs_usuario_empresa/index.html: 0
[2021-02-02 04:37:15] EDIT model_seven/views/acs_usuario_empresa/index.html: 1
[2021-02-02 04:37:28] EDIT model_seven/views/acs_usuario_empresa/index.html: 1
[2021-02-02 04:38:25] EDIT model_seven/views/acs_usuario_empresa/index.html: 1
[2021-02-02 04:38:37] EDIT model_seven/views/acs_usuario_empresa/index.html: 0
[2021-02-02 04:38:53] EDIT model_seven/views/acs_usuario_empresa/index.html: 1
[2021-02-02 04:39:28] EDIT model_seven/views/acs_usuario_empresa/index.html: 0
[2021-02-02 04:39:38] EDIT model_seven/views/acs_usuario_empresa/index.html: 0
[2021-02-02 04:39:49] EDIT model_seven/views/acs_usuario_empresa/index.html: 0
[2021-02-02 04:40:58] EDIT model_seven/controllers/acs_usuario_empresa.py: 17
[2021-02-02 04:41:33] EDIT model_seven/controllers/acs_usuario_empresa.py: 0
[2021-02-02 04:42:45] EDIT model_seven/controllers/acs_usuario_empresa.py: 11
[2021-02-02 04:43:14] EDIT model_seven/controllers/acs_usuario_empresa.py: 10
[2021-02-02 04:43:31] EDIT model_seven/controllers/acs_usuario_empresa.py: 2
[2021-02-02 04:43:38] EDIT model_seven/controllers/acs_usuario_empresa.py: 0
[2021-02-02 04:43:47] EDIT model_seven/controllers/acs_usuario_empresa.py: 0
[2021-02-02 04:44:48] EDIT model_seven/controllers/acs_usuario_empresa.py: 2
[2021-02-02 04:45:26] EDIT model_seven/controllers/acs_usuario_empresa.py: 2
[2021-02-02 04:45:35] EDIT model_seven/controllers/acs_usuario_empresa.py: 0
[2021-02-02 04:45:51] EDIT model_seven/controllers/acs_usuario_empresa.py: 0
[2021-02-02 04:46:51] EDIT model_seven/controllers/acs_usuario_empresa.py: 0
[2021-02-02 04:47:23] EDIT model_seven/views/acs_usuario_empresa/index.html: 0
[2021-02-02 04:49:48] EDIT model_seven/views/acs_usuario_empresa/index.html: 11
[2021-02-02 04:50:04] EDIT model_seven/views/acs_usuario_empresa/index.html: 0
[2021-02-02 04:52:21] EDIT model_seven/controllers/acs_venda.py: 22
[2021-02-02 04:52:53] EDIT model_seven/controllers/acs_venda.py: 0
[2021-02-02 04:53:40] EDIT model_seven/controllers/acs_venda.py: 0
[2021-02-02 04:54:06] EDIT model_seven/controllers/acs_venda.py: 0
[2021-02-02 04:54:12] CREATE acs_venda/lista_representante.html: 0
[2021-02-02 04:54:22] EDIT model_seven/views/acs_venda/lista_representante.html: 119
[2021-02-02 04:55:08] EDIT model_seven/views/acs_venda/lista_representante.html: -1
[2021-02-02 04:55:43] EDIT model_seven/views/acs_venda/lista_representante.html: 0
[2021-02-02 04:55:50] EDIT model_seven/views/acs_venda/lista_representante.html: 0
[2021-02-02 04:56:12] EDIT model_seven/views/acs_venda/lista_representante.html: -1
[2021-02-02 04:58:44] EDIT model_seven/views/acs_venda/lista_representante.html: 0
[2021-02-02 05:01:07] EDIT model_seven/views/acs_venda/lista_representante.html: 0
[2021-02-02 05:01:17] EDIT model_seven/views/acs_venda/lista_representante.html: 0
[2021-02-02 05:01:30] EDIT model_seven/views/acs_venda/lista_representante.html: 0
[2021-02-02 05:07:11] EDIT model_seven/views/acs_venda/lista_representante.html: 22
[2021-02-02 05:07:34] EDIT model_seven/views/acs_venda/lista_representante.html: 0
[2021-02-02 05:07:49] EDIT model_seven/views/acs_venda/lista_representante.html: 0
[2021-02-02 05:08:26] EDIT model_seven/views/acs_venda/lista_representante.html: 0
[2021-02-02 05:08:54] EDIT model_seven/views/acs_venda/lista_representante.html: 1
[2021-02-02 05:10:43] EDIT model_seven/views/acs_venda/lista_representante.html: 2
[2021-02-02 05:14:23] EDIT model_seven/views/acs_venda/lista_representante.html: 10
[2021-02-02 05:14:40] EDIT model_seven/views/acs_venda/lista_representante.html: 0
[2021-02-02 05:15:03] EDIT model_seven/views/acs_venda/lista_representante.html: 1
[2021-02-02 05:19:04] EDIT model_seven/views/acs_venda/lista_representante.html: 14
[2021-02-02 05:19:33] EDIT model_seven/views/acs_venda/lista_representante.html: 0
[2021-02-02 05:19:45] EDIT model_seven/views/acs_venda/lista_representante.html: 0
[2021-02-02 05:22:58] EDIT model_seven/views/acs_venda/lista_representante.html: 0
[2021-02-02 05:23:05] EDIT model_seven/views/acs_venda/lista_representante.html: 0
[2021-02-02 05:24:08] EDIT model_seven/views/acs_venda/lista_representante.html: 2
[2021-02-02 05:24:21] EDIT model_seven/views/acs_venda/lista_representante.html: 0
[2021-02-02 05:24:42] EDIT model_seven/views/acs_venda/lista_representante.html: 0
[2021-02-02 05:24:56] EDIT model_seven/views/acs_venda/lista_representante.html: 0
[2021-02-02 05:25:08] EDIT model_seven/views/acs_venda/lista_representante.html: -2
[2021-02-02 05:25:34] EDIT model_seven/views/acs_venda/lista_representante.html: 0
[2021-02-02 05:26:07] EDIT model_seven/views/acs_venda/lista_representante.html: 0
[2021-02-02 05:26:58] EDIT model_seven/views/acs_venda/lista_representante.html: -2
[2021-02-02 05:27:07] EDIT model_seven/views/acs_venda/lista_representante.html: 0
[2021-02-02 05:27:32] EDIT model_seven/views/acs_venda/lista_representante.html: 0
[2021-02-02 05:28:57] EDIT model_seven/views/acs_venda/lista_representante.html: 21
[2021-02-02 05:29:08] EDIT model_seven/views/acs_venda/lista_representante.html: -7
[2021-02-02 05:32:57] EDIT model_seven/views/acs_venda/lista_representante.html: 0
[2021-02-02 05:33:32] EDIT model_seven/views/acs_venda/lista_representante.html: 0
[2021-02-02 05:35:02] EDIT model_seven/views/acs_venda/lista_representante.html: 0
[2021-02-02 05:35:21] EDIT model_seven/views/acs_venda/lista_representante.html: 0
[2021-02-02 05:35:51] EDIT model_seven/views/acs_venda/lista_representante.html: 0
[2021-02-02 05:36:06] EDIT model_seven/views/acs_venda/lista_representante.html: 0
[2021-02-02 05:36:35] EDIT model_seven/views/acs_venda/lista_representante.html: 0
[2021-02-02 05:36:50] EDIT model_seven/views/acs_venda/lista_representante.html: 0
[2021-02-02 05:37:07] EDIT model_seven/views/acs_venda/lista_representante.html: 0
[2021-02-02 05:37:19] EDIT model_seven/views/acs_venda/lista_representante.html: 0
[2021-02-02 05:37:30] EDIT model_seven/views/acs_venda/lista_representante.html: 0
[2021-02-02 05:37:39] EDIT model_seven/views/acs_venda/lista_representante.html: 0
[2021-02-02 05:38:06] EDIT model_seven/views/acs_venda/lista_representante.html: 0
[2021-02-02 05:38:48] EDIT model_seven/views/acs_venda/lista_representante.html: 0
[2021-02-02 05:39:19] EDIT model_seven/views/acs_venda/lista_representante.html: 0
[2021-02-02 05:39:50] EDIT model_seven/views/acs_venda/lista_representante.html: 0
[2021-02-02 05:41:07] EDIT model_seven/views/acs_venda/lista_representante.html: -3
[2021-02-02 05:41:24] EDIT model_seven/views/acs_venda/lista_representante.html: 0
[2021-02-02 05:42:46] EDIT model_seven/views/acs_venda/lista_representante.html: 3
[2021-02-02 05:43:42] EDIT model_seven/views/acs_venda/lista_representante.html: 0
[2021-02-02 05:43:50] EDIT model_seven/views/acs_venda/lista_representante.html: 0
[2021-02-02 05:44:16] EDIT model_seven/views/acs_venda/lista_representante.html: 0
[2021-02-02 05:44:35] EDIT model_seven/views/acs_venda/lista_representante.html: 0
[2021-02-02 05:45:09] EDIT model_seven/views/acs_venda/lista_representante.html: 0
[2021-02-02 06:10:20] EDIT model_seven/controllers/acs_usuario_empresa.py: -12
[2021-02-02 20:37:26] EDIT model_seven/views/layout.html: 0
[2021-02-02 20:37:35] EDIT model_seven/views/layout.html: 0
[2021-02-02 20:37:48] EDIT model_seven/views/layout.html: 0
[2021-02-02 20:38:20] EDIT model_seven/views/layout.html: 0
[2021-02-02 20:38:54] EDIT model_seven/views/layout.html: 0
[2021-02-02 20:39:13] EDIT model_seven/views/layout.html: 0
[2021-02-02 20:39:23] EDIT model_seven/views/layout.html: 0
[2021-02-02 20:39:36] EDIT model_seven/views/layout.html: 0
[2021-02-02 20:39:43] EDIT model_seven/views/layout.html: 0
[2021-02-02 20:40:01] EDIT model_seven/views/layout.html: 0
[2021-02-02 20:40:18] EDIT model_seven/views/layout.html: 0
[2021-02-02 20:40:28] EDIT model_seven/views/layout.html: 0
[2021-02-02 20:40:29] EDIT model_seven/views/layout.html: 0
[2021-02-02 20:41:02] EDIT model_seven/views/layout.html: 0
[2021-02-02 20:41:55] EDIT model_seven/views/layout.html: 0
[2021-02-02 20:43:34] EDIT model_seven/controllers/acs_venda.py: 1
[2021-02-02 20:43:57] EDIT model_seven/controllers/acs_venda.py: 0
[2021-02-02 21:05:41] EDIT model_seven/views/acs_item_venda/lista_status.html: 0
[2021-02-02 21:05:55] EDIT model_seven/views/acs_item_venda/lista_status.html: 0
[2021-02-02 21:07:12] EDIT model_seven/views/acs_item_venda/lista_status.html: 0
[2021-02-02 21:07:45] EDIT model_seven/views/acs_item_venda/lista_status.html: 0
[2021-02-02 21:07:52] EDIT model_seven/views/acs_item_venda/lista_status.html: 0
[2021-02-02 21:08:04] EDIT model_seven/views/acs_item_venda/lista_status.html: 0
[2021-02-02 21:09:15] EDIT model_seven/views/acs_item_venda/lista_status.html: 0
[2021-02-02 21:13:26] EDIT model_seven/views/acs_venda/index.html: 0
[2021-02-02 21:13:42] EDIT model_seven/controllers/acs_venda.py: 0
[2021-02-02 21:14:58] EDIT model_seven/views/acs_venda/index.html: 4
[2021-02-02 21:15:08] EDIT model_seven/views/acs_venda/index.html: 0
[2021-02-02 21:16:20] EDIT model_seven/views/acs_venda/index.html: 4
[2021-02-02 21:16:30] EDIT model_seven/views/acs_venda/index.html: 0
[2021-02-02 21:18:03] EDIT model_seven/views/acs_venda/index.html: 0
[2021-02-02 21:19:01] EDIT model_seven/views/acs_venda/index.html: 0
[2021-02-02 21:19:31] EDIT model_seven/views/acs_venda/index.html: 0
[2021-02-02 21:20:06] EDIT model_seven/views/acs_venda/index.html: 0
[2021-02-02 21:21:36] EDIT model_seven/views/acs_venda/index.html: 0
[2021-02-02 21:22:27] EDIT model_seven/views/acs_venda/index.html: 0
[2021-02-02 21:22:38] EDIT model_seven/views/acs_venda/index.html: 0
[2021-02-02 21:25:48] EDIT model_seven/views/acs_venda/index.html: 0
[2021-02-02 21:32:01] EDIT model_seven/views/acs_venda/index.html: 0
[2021-02-02 21:33:29] EDIT model_seven/models/db1.py: 1
[2021-02-02 21:38:34] EDIT model_seven/views/acs_venda/index.html: 2
[2021-02-02 21:38:54] EDIT model_seven/views/acs_venda/index.html: 0
[2021-02-02 21:39:00] EDIT model_seven/views/acs_venda/index.html: -2
[2021-02-02 21:41:18] EDIT model_seven/views/acs_venda/lista_representante.html: 2
[2021-02-02 21:41:44] EDIT model_seven/views/acs_venda/lista_representante.html: 1
[2021-02-02 21:41:51] EDIT model_seven/views/acs_venda/lista_representante.html: 0
[2021-02-02 21:41:59] EDIT model_seven/views/acs_venda/lista_representante.html: 0
[2021-02-02 21:42:44] EDIT model_seven/views/acs_venda/index.html: 2
[2021-02-02 21:44:15] EDIT model_seven/views/acs_venda/index.html: 0
[2021-02-02 21:45:39] EDIT model_seven/views/acs_venda/lista_representante.html: 6
[2021-02-02 21:45:49] EDIT model_seven/views/acs_venda/lista_representante.html: 0
[2021-02-02 21:45:52] EDIT model_seven/views/acs_venda/lista_representante.html: 0
[2021-02-02 21:46:41] EDIT model_seven/views/acs_venda/lista_representante.html: 0
[2021-02-02 23:35:33] CREATE db2.py: 0
[2021-02-02 23:38:00] EDIT model_seven/models/db2.py: 9
[2021-02-02 23:38:05] EDIT model_seven/models/db2.py: 0
[2021-02-02 23:45:57] EDIT model_seven/models/db2.py: 30
[2021-02-02 23:46:22] EDIT model_seven/models/db2.py: -9
[2021-02-02 23:48:59] EDIT model_seven/views/acs_venda/lista_representante.html: 7
[2021-02-02 23:49:09] EDIT model_seven/views/acs_venda/lista_representante.html: 0
[2021-02-02 23:49:12] EDIT model_seven/views/acs_venda/lista_representante.html: 0
[2021-02-02 23:49:19] EDIT model_seven/views/acs_venda/lista_representante.html: -1
[2021-02-02 23:50:10] EDIT model_seven/views/acs_venda/lista_representante.html: 0
[2021-02-02 23:50:32] CREATE acs_registro.py: 0
[2021-02-02 23:51:15] EDIT model_seven/controllers/acs_registro.py: 0
[2021-02-02 23:51:43] EDIT model_seven/views/acs_venda/lista_representante.html: 0
[2021-02-02 23:51:55] CREATE acs_registro/lista_representante.html: 0
[2021-02-02 23:56:29] EDIT model_seven/controllers/acs_registro.py: 20
[2021-02-02 23:56:51] EDIT model_seven/controllers/acs_registro.py: 1
[2021-02-02 23:57:58] EDIT model_seven/controllers/acs_registro.py: 0
[2021-02-02 23:58:20] EDIT model_seven/controllers/acs_registro.py: 0
[2021-02-02 23:58:47] EDIT model_seven/controllers/acs_registro.py: 0
[2021-02-02 23:59:06] EDIT model_seven/controllers/acs_registro.py: 0
[2021-02-03 00:02:09] EDIT model_seven/views/acs_registro/lista_representante.html: 167
[2021-02-03 00:03:08] EDIT model_seven/views/acs_registro/lista_representante.html: -52
[2021-02-03 00:03:17] EDIT model_seven/views/acs_registro/lista_representante.html: 0
[2021-02-03 00:03:25] EDIT model_seven/views/acs_registro/lista_representante.html: 0
[2021-02-03 00:03:42] EDIT model_seven/views/acs_registro/lista_representante.html: 0
[2021-02-03 00:04:05] EDIT model_seven/views/acs_registro/lista_representante.html: 0
[2021-02-03 00:06:04] EDIT model_seven/controllers/acs_registro.py: 20
[2021-02-03 00:06:54] EDIT model_seven/views/acs_registro/lista_representante.html: 0
[2021-02-03 00:08:22] EDIT model_seven/models/db2.py: 0
[2021-02-03 00:08:33] EDIT model_seven/models/db2.py: 0
[2021-02-03 00:08:49] EDIT model_seven/views/acs_registro/lista_representante.html: 0
[2021-02-03 00:10:17] EDIT model_seven/controllers/acs_registro.py: 15
[2021-02-03 00:10:29] EDIT model_seven/controllers/acs_registro.py: 0
[2021-02-03 00:11:19] EDIT model_seven/controllers/acs_registro.py: 1
[2021-02-03 00:11:20] EDIT model_seven/controllers/acs_registro.py: 0
[2021-02-03 00:11:28] EDIT model_seven/controllers/acs_registro.py: -1
[2021-02-03 00:11:37] EDIT model_seven/controllers/acs_registro.py: 0
[2021-02-03 00:11:53] EDIT model_seven/models/db2.py: 0
[2021-02-03 00:12:25] EDIT model_seven/views/acs_registro/lista_representante.html: 0
[2021-02-03 00:13:36] EDIT model_seven/views/acs_registro/lista_representante.html: 2
[2021-02-03 00:17:33] EDIT model_seven/controllers/acs_venda.py: 5
[2021-02-03 00:17:48] EDIT model_seven/views/acs_venda/lista_representante.html: 0
[2021-02-03 00:21:41] EDIT model_seven/views/acs_venda/lista_representante.html: 8
[2021-02-03 00:21:53] EDIT model_seven/views/acs_venda/lista_representante.html: 0
[2021-02-03 00:22:08] EDIT model_seven/views/acs_venda/lista_representante.html: 0
[2021-02-03 00:22:34] EDIT model_seven/views/acs_venda/lista_representante.html: 0
[2021-02-03 00:23:42] EDIT model_seven/views/acs_venda/lista_representante.html: 0
[2021-02-03 00:24:31] EDIT model_seven/views/acs_venda/lista_representante.html: 1
[2021-02-03 00:25:01] EDIT model_seven/views/acs_venda/lista_representante.html: 0
[2021-02-03 00:30:27] EDIT model_seven/controllers/acs_usuario_empresa.py: 0
[2021-02-03 00:33:26] EDIT model_seven/controllers/acs_cliente.py: 25
[2021-02-03 00:34:15] EDIT model_seven/views/acs_venda/lista_representante.html: 0
[2021-02-03 00:35:28] EDIT model_seven/controllers/acs_cliente.py: 0
[2021-02-03 00:35:54] EDIT model_seven/controllers/acs_cliente.py: 0
[2021-02-03 00:36:08] CREATE acs_cliente/lista_representante.html: 0
[2021-02-03 00:36:19] EDIT model_seven/views/acs_cliente/lista_representante.html: 119
[2021-02-03 00:36:43] EDIT model_seven/views/acs_cliente/lista_representante.html: 0
[2021-02-03 00:38:13] EDIT model_seven/views/acs_cliente/lista_representante.html: 0
[2021-02-03 00:38:29] EDIT model_seven/controllers/acs_cliente.py: 0
[2021-02-03 00:39:24] EDIT model_seven/controllers/acs_cliente.py: 0
[2021-02-03 00:40:33] EDIT model_seven/views/acs_cliente/lista_representante.html: 0
[2021-02-03 00:42:02] EDIT model_seven/controllers/acs_usuario_empresa.py: 0
[2021-02-03 00:42:09] EDIT model_seven/controllers/acs_usuario_empresa.py: 0
[2021-02-03 00:46:25] EDIT model_seven/controllers/acs_usuario_empresa.py: 0
[2021-02-03 00:47:17] EDIT model_seven/views/acs_usuario_empresa/index.html: 9
[2021-02-03 00:47:27] EDIT model_seven/views/acs_usuario_empresa/index.html: 0
[2021-02-03 00:47:41] EDIT model_seven/views/acs_usuario_empresa/index.html: 0
[2021-02-03 00:49:15] EDIT model_seven/views/layout.html: 1
[2021-02-03 01:09:49] EDIT model_seven/views/layout.html: 0
[2021-02-03 01:11:52] EDIT model_seven/views/layout.html: 0
[2021-02-03 01:12:45] EDIT model_seven/views/layout.html: 0
[2021-02-03 01:18:48] EDIT model_seven/views/layout.html: 1
[2021-02-03 02:02:06] EDIT model_seven/views/acs_empresa/index.html: 0
[2021-02-03 02:03:44] EDIT model_seven/controllers/acs_empresa.py: 12
[2021-02-03 02:03:53] EDIT model_seven/controllers/acs_empresa.py: 0
[2021-02-03 02:59:34] EDIT model_seven/views/acs_empresa/index.html: 11
[2021-02-03 03:00:14] EDIT model_seven/views/acs_empresa/index.html: 0
[2021-02-03 03:08:36] EDIT model_seven/views/acs_empresa/index.html: 0
[2021-02-03 03:09:32] EDIT model_seven/controllers/acs_venda.py: 19
[2021-02-03 03:09:58] EDIT model_seven/views/acs_empresa/index.html: 0
[2021-02-03 03:10:12] CREATE acs_venda/lista_recebimento.html: 0
[2021-02-03 03:10:20] EDIT model_seven/views/acs_venda/lista_recebimento.html: 129
[2021-02-03 03:20:49] EDIT model_seven/views/acs_venda/lista_recebimento.html: 2
[2021-02-03 03:21:45] EDIT model_seven/views/acs_venda/lista_recebimento.html: -6
[2021-02-03 03:23:56] EDIT model_seven/controllers/acs_venda.py: 0
[2021-02-03 03:24:26] EDIT model_seven/views/acs_venda/lista_recebimento.html: -8
[2021-02-03 03:25:16] EDIT model_seven/views/acs_venda/lista_recebimento.html: 0
[2021-02-03 03:25:35] EDIT model_seven/views/acs_venda/lista_recebimento.html: 0
[2021-02-03 03:27:47] EDIT model_seven/controllers/acs_registro.py: 21
[2021-02-03 03:28:09] EDIT model_seven/controllers/acs_registro.py: 0
[2021-02-03 03:28:21] CREATE acs_registro/lista_venda.html: 0
[2021-02-03 03:29:07] EDIT model_seven/views/acs_registro/lista_venda.html: 117
[2021-02-03 03:29:35] EDIT model_seven/views/acs_registro/lista_venda.html: 0
[2021-02-03 03:31:34] EDIT model_seven/views/acs_registro/lista_venda.html: 0
[2021-02-03 03:32:01] EDIT model_seven/views/acs_registro/lista_venda.html: 0
[2021-02-03 03:34:31] EDIT model_seven/controllers/acs_registro.py: 24
[2021-02-03 03:36:06] EDIT model_seven/views/acs_registro/lista_venda.html: 5
[2021-02-03 03:38:27] EDIT model_seven/views/acs_registro/lista_venda.html: 0
[2021-02-03 03:39:50] EDIT model_seven/models/db1.py: 1
[2021-02-03 03:40:56] EDIT model_seven/views/acs_registro/lista_venda.html: 4
[2021-02-03 03:41:23] EDIT model_seven/views/acs_registro/lista_venda.html: 1
[2021-02-03 03:42:45] EDIT model_seven/views/acs_venda/lista_recebimento.html: 0
[2021-02-03 03:45:55] EDIT model_seven/views/acs_registro/lista_venda.html: 7
[2021-02-03 03:46:24] EDIT model_seven/views/acs_registro/lista_venda.html: 0
[2021-02-03 03:46:49] EDIT model_seven/views/acs_registro/lista_venda.html: 0
[2021-02-03 03:47:13] EDIT model_seven/views/acs_registro/lista_venda.html: 0
[2021-02-03 03:52:44] EDIT model_seven/views/acs_registro/lista_venda.html: 22
[2021-02-03 03:52:56] EDIT model_seven/views/acs_registro/lista_venda.html: 2
[2021-02-03 03:53:08] EDIT model_seven/views/acs_registro/lista_venda.html: 0
[2021-02-03 03:53:48] EDIT model_seven/views/acs_registro/lista_venda.html: 0
[2021-02-03 03:54:44] EDIT model_seven/views/acs_registro/lista_venda.html: 0
[2021-02-03 03:56:24] EDIT model_seven/views/acs_registro/lista_venda.html: 1
[2021-02-03 03:58:35] EDIT model_seven/views/acs_registro/lista_venda.html: 3
[2021-02-03 04:00:17] EDIT model_seven/views/acs_registro/lista_venda.html: 0
[2021-02-03 04:02:13] EDIT model_seven/models/db2.py: 0
[2021-02-03 04:05:06] EDIT model_seven/models/validadores.py: 1
[2021-02-03 04:06:40] EDIT model_seven/views/acs_registro/lista_venda.html: 0
[2021-02-03 04:07:50] EDIT model_seven/controllers/acs_registro.py: 15
[2021-02-03 04:07:54] EDIT model_seven/controllers/acs_registro.py: 0
[2021-02-03 04:08:40] EDIT model_seven/controllers/acs_registro.py: 0
[2021-02-03 04:09:52] EDIT model_seven/views/acs_registro/lista_venda.html: -12
[2021-02-03 04:10:27] EDIT model_seven/controllers/acs_registro.py: -12
[2021-02-03 04:10:47] EDIT model_seven/controllers/acs_registro.py: 0
[2021-02-03 04:11:14] EDIT model_seven/views/acs_registro/lista_venda.html: -32
[2021-02-03 04:15:44] EDIT model_seven/controllers/acs_venda.py: 1
[2021-02-03 04:15:47] EDIT model_seven/controllers/acs_venda.py: 0
[2021-02-03 04:15:59] EDIT model_seven/controllers/acs_venda.py: 0
[2021-02-03 04:16:12] EDIT model_seven/controllers/acs_venda.py: -1
[2021-02-03 04:16:23] EDIT model_seven/controllers/acs_registro.py: 1
[2021-02-03 04:16:31] EDIT model_seven/controllers/acs_registro.py: 0
[2021-02-03 05:02:04] EDIT model_seven/views/acs_registro/lista_venda.html: 4
[2021-02-03 05:02:53] EDIT model_seven/views/acs_registro/lista_venda.html: -1
[2021-02-03 05:03:27] EDIT model_seven/views/acs_registro/lista_venda.html: 29
[2021-02-03 05:03:35] EDIT model_seven/views/acs_registro/lista_venda.html: -32
[2021-02-03 05:04:02] EDIT model_seven/views/acs_registro/lista_venda.html: 4
[2021-02-03 05:04:23] EDIT model_seven/views/acs_registro/lista_venda.html: 0
[2021-02-03 05:04:38] EDIT model_seven/views/acs_registro/lista_venda.html: 0
[2021-02-03 05:05:30] EDIT model_seven/views/acs_registro/lista_venda.html: 0
[2021-02-03 05:06:10] EDIT model_seven/views/acs_registro/lista_venda.html: 6
[2021-02-03 05:06:48] EDIT model_seven/views/acs_registro/lista_venda.html: 0
[2021-02-03 05:07:46] EDIT model_seven/views/acs_registro/lista_venda.html: 0
[2021-02-03 05:09:36] EDIT model_seven/views/acs_item_venda/lista_status.html: 3
[2021-02-03 05:19:08] EDIT model_seven/views/acs_registro/lista_venda.html: 0
[2021-02-03 05:19:59] EDIT model_seven/views/acs_registro/lista_venda.html: 4
[2021-02-03 05:20:11] EDIT model_seven/views/acs_registro/lista_venda.html: 0
[2021-02-03 05:23:31] EDIT model_seven/views/acs_registro/lista_venda.html: 5
[2021-02-03 05:25:02] EDIT model_seven/views/acs_item_venda/lista_status.html: 2
[2021-02-03 05:25:12] EDIT model_seven/views/acs_item_venda/lista_status.html: 0
[2021-02-03 05:25:38] EDIT model_seven/views/acs_item_venda/lista_status.html: 0
[2021-02-03 05:26:18] EDIT model_seven/views/acs_item_venda/lista_status.html: -2
[2021-02-03 05:26:54] EDIT model_seven/views/acs_item_venda/lista_status.html: 2
[2021-02-03 05:27:41] EDIT model_seven/models/db1.py: 1
[2021-02-03 05:29:54] EDIT model_seven/views/acs_venda/index.html: 1
[2021-02-03 05:30:15] EDIT model_seven/views/acs_venda/index.html: 0
[2021-02-03 05:30:24] EDIT model_seven/views/acs_venda/index.html: 0
[2021-02-03 05:31:49] EDIT model_seven/views/acs_venda/index.html: -2
[2021-02-03 05:34:48] EDIT model_seven/models/db1.py: 1
[2021-02-03 05:35:27] EDIT model_seven/models/db1.py: 0
[2021-02-03 05:35:45] EDIT model_seven/views/acs_registro/lista_venda.html: 1
[2021-02-03 05:37:17] EDIT model_seven/views/acs_venda/lista_recebimento.html: 0
[2021-02-03 05:39:01] EDIT model_seven/views/acs_registro/lista_venda.html: 0
[2021-02-03 05:39:21] EDIT model_seven/views/acs_registro/lista_venda.html: 0
[2021-02-03 05:41:38] EDIT model_seven/views/acs_empresa/index.html: 11
[2021-02-03 05:41:43] EDIT model_seven/views/acs_empresa/index.html: 0
[2021-02-03 05:48:14] EDIT model_seven/views/acs_empresa/index.html: 0
[2021-02-03 05:48:17] EDIT model_seven/views/acs_empresa/index.html: 11
[2021-02-04 08:45:41] EDIT model_seven/models/db1.py: -2
[2021-02-04 08:51:41] EDIT model_seven/controllers/acs_item_venda.py: 9
[2021-02-04 08:54:59] EDIT model_seven/controllers/acs_item_venda.py: 4
[2021-02-04 08:55:16] EDIT model_seven/controllers/acs_item_venda.py: 0
[2021-02-04 08:56:05] EDIT model_seven/controllers/acs_item_venda.py: 0
[2021-02-04 08:57:52] EDIT model_seven/views/acs_item_venda/lista_venda.html: -5
[2021-02-04 09:03:56] EDIT model_seven/views/acs_item_venda/lista_venda.html: 17
[2021-02-04 09:05:06] EDIT model_seven/views/acs_item_venda/lista_venda.html: 0
[2021-02-04 09:05:45] EDIT model_seven/controllers/acs_item_venda.py: 0
[2021-02-04 09:06:13] EDIT model_seven/views/acs_item_venda/lista_venda.html: -1
[2021-02-04 09:07:00] EDIT model_seven/views/acs_item_venda/lista_venda.html: 0
[2021-02-04 09:07:24] EDIT model_seven/views/acs_item_venda/lista_venda.html: 0
[2021-02-04 09:07:53] EDIT model_seven/views/acs_item_venda/lista_venda.html: 0
[2021-02-04 09:11:21] EDIT model_seven/views/acs_item_venda/lista_venda.html: 40
[2021-02-04 09:11:50] EDIT model_seven/views/acs_item_venda/lista_venda.html: 3
[2021-02-04 09:12:54] EDIT model_seven/views/acs_item_venda/lista_venda.html: 0
[2021-02-04 09:13:23] EDIT model_seven/views/acs_item_venda/lista_venda.html: 0
[2021-02-04 09:14:15] EDIT model_seven/views/acs_item_venda/lista_venda.html: 0
[2021-02-04 09:15:24] EDIT model_seven/views/acs_item_venda/lista_venda.html: -2
[2021-02-04 09:15:41] EDIT model_seven/views/acs_item_venda/lista_venda.html: 0
[2021-02-04 09:15:57] EDIT model_seven/views/acs_item_venda/lista_venda.html: 2
[2021-02-04 09:16:08] EDIT model_seven/views/acs_item_venda/lista_venda.html: -5
[2021-02-04 09:16:55] EDIT model_seven/views/acs_item_venda/lista_venda.html: 2
[2021-02-04 09:17:01] EDIT model_seven/views/acs_item_venda/lista_venda.html: 0
[2021-02-04 09:17:08] EDIT model_seven/views/acs_item_venda/lista_venda.html: 0
[2021-02-04 09:18:09] EDIT model_seven/views/acs_item_venda/lista_venda.html: 0
[2021-02-04 09:18:29] EDIT model_seven/views/acs_item_venda/lista_venda.html: 0
[2021-02-04 09:18:45] EDIT model_seven/views/acs_item_venda/lista_venda.html: 0
[2021-02-04 09:19:04] EDIT model_seven/views/acs_item_venda/lista_venda.html: 0
[2021-02-04 09:19:31] EDIT model_seven/views/acs_item_venda/lista_venda.html: 0
[2021-02-04 09:19:52] EDIT model_seven/views/acs_item_venda/lista_venda.html: 0
[2021-02-04 09:20:46] EDIT model_seven/views/layout.html: 10
[2021-02-04 09:22:39] EDIT model_seven/views/acs_item_venda/lista_venda.html: 28
[2021-02-04 09:23:40] EDIT model_seven/views/acs_item_venda/lista_venda.html: 1
[2021-02-04 09:25:25] EDIT model_seven/views/acs_item_venda/lista_venda.html: 15
[2021-02-04 09:25:26] EDIT model_seven/views/acs_item_venda/lista_venda.html: 0
[2021-02-04 09:25:53] EDIT model_seven/views/acs_item_venda/lista_venda.html: -1
[2021-02-04 09:26:04] EDIT model_seven/views/acs_item_venda/lista_venda.html: -4
[2021-02-04 09:40:53] EDIT model_seven/views/acs_item_venda/lista_status.html: 108
[2021-02-04 09:41:15] EDIT model_seven/views/acs_item_venda/lista_status.html: 1
[2021-02-04 09:42:39] EDIT model_seven/controllers/acs_item_venda.py: 12
[2021-02-04 09:47:08] EDIT model_seven/controllers/acs_item_venda.py: 0
[2021-02-04 09:51:39] EDIT model_seven/views/acs_item_venda/lista_produto.html: 0
[2021-02-04 09:58:45] EDIT model_seven/views/acs_venda/lista_recebimento.html: 11
[2021-02-04 10:00:25] EDIT model_seven/views/acs_registro/lista_venda.html: -5
[2021-02-04 10:00:35] EDIT model_seven/views/acs_registro/lista_venda.html: 0
[2021-02-04 10:00:47] EDIT model_seven/views/acs_registro/lista_venda.html: 2
[2021-02-04 10:00:48] EDIT model_seven/views/acs_registro/lista_venda.html: 0
[2021-02-04 10:01:33] EDIT model_seven/views/acs_registro/lista_venda.html: -2
[2021-02-04 10:02:04] EDIT model_seven/views/acs_registro/lista_venda.html: 3
[2021-02-04 10:02:14] EDIT model_seven/views/acs_registro/lista_venda.html: 0
[2021-02-04 10:05:13] EDIT model_seven/controllers/acs_item_venda.py: 8
[2021-02-04 10:05:24] CREATE acs_item_venda/lista_recebimento.html: 0
[2021-02-04 10:05:36] EDIT model_seven/views/acs_item_venda/lista_recebimento.html: 131
[2021-02-04 10:06:30] EDIT model_seven/controllers/acs_item_venda.py: 22
[2021-02-04 10:07:41] EDIT model_seven/views/acs_empresa/index.html: 0
[2021-02-04 10:08:13] EDIT model_seven/controllers/acs_empresa.py: 52
[2021-02-04 10:08:26] CREATE acs_empresa/relatorio_mes.html: 0
[2021-02-04 10:08:46] EDIT model_seven/views/acs_empresa/relatorio_mes.html: 127
[2021-02-04 10:11:23] EDIT model_seven/controllers/acs_registro.py: 77
[2021-02-04 10:11:34] CREATE acs_registro/lista_registro_empresa.html: 0
[2021-02-04 10:11:48] EDIT model_seven/views/acs_registro/lista_registro_empresa.html: 117
[2021-02-04 10:12:54] CREATE acs_registro/lista_recebimento_cliente.html: 0
[2021-02-04 10:13:05] EDIT model_seven/views/acs_registro/lista_recebimento_cliente.html: 126
[2021-02-04 10:15:27] EDIT model_seven/views/acs_item_venda/lista_venda.html: 0
[2021-02-04 10:18:54] EDIT model_seven/views/acs_registro/lista_venda.html: 0
[2021-02-04 10:18:59] EDIT model_seven/views/acs_registro/lista_venda.html: 0
[2021-02-04 10:19:36] EDIT model_seven/views/acs_registro/lista_venda.html: 1
[2021-02-04 10:20:50] EDIT model_seven/views/acs_registro/lista_venda.html: -3
[2021-02-05 19:44:32] UPLOAD /home/ArsenalSystem/web2py/applications/model_seven/static/images/ico.ico: 38
[2021-02-05 19:44:47] EDIT model_seven/views/layout.html: 0
[2021-02-05 19:49:24] UPLOAD /home/ArsenalSystem/web2py/applications/model_seven/static/images/ico.png: 186
[2021-02-05 19:49:36] EDIT model_seven/views/layout.html: 0
[2021-02-05 20:02:39] EDIT model_seven/views/default/index.html: 0
[2021-02-05 20:02:50] EDIT model_seven/views/default/index.html: 0
[2021-02-05 20:02:57] EDIT model_seven/views/default/index.html: 0
[2021-02-05 20:03:27] EDIT model_seven/views/default/index.html: 0
[2021-02-05 20:03:41] EDIT model_seven/views/default/index.html: 0
[2021-02-05 20:03:44] EDIT model_seven/views/default/index.html: 0
[2021-02-05 20:04:14] EDIT model_seven/views/default/index.html: 0
[2021-02-05 20:04:38] EDIT model_seven/views/default/index.html: 0
[2021-02-05 20:05:00] EDIT model_seven/views/default/index.html: 0
[2021-02-05 20:05:30] EDIT model_seven/views/default/index.html: 0
[2021-02-05 20:05:47] EDIT model_seven/views/default/index.html: 0
[2021-02-05 20:06:07] EDIT model_seven/views/default/index.html: 0
[2021-02-05 20:06:20] EDIT model_seven/views/default/index.html: 0
[2021-02-05 20:06:25] EDIT model_seven/views/default/index.html: 0
[2021-02-05 20:07:00] EDIT model_seven/views/default/index.html: 0
[2021-02-05 20:08:50] EDIT model_seven/views/default/index.html: 0
[2021-02-05 20:09:13] EDIT model_seven/views/default/index.html: 1
[2021-02-05 20:09:41] EDIT model_seven/views/default/index.html: 0
[2021-02-05 20:10:14] EDIT model_seven/views/default/index.html: 0
[2021-02-05 20:10:33] EDIT model_seven/views/default/index.html: 0
[2021-02-05 20:14:03] EDIT model_seven/views/default/index.html: 0
[2021-02-05 20:15:18] EDIT model_seven/views/default/index.html: 7
[2021-02-05 20:15:40] EDIT model_seven/views/default/index.html: 0
[2021-02-05 20:15:43] EDIT model_seven/views/default/index.html: 0
[2021-02-05 20:15:57] EDIT model_seven/views/default/index.html: 0
[2021-02-05 20:16:09] EDIT model_seven/views/default/index.html: 0
[2021-02-05 20:16:27] EDIT model_seven/views/default/index.html: 0
[2021-02-05 20:16:40] EDIT model_seven/views/default/index.html: 0
[2021-02-06 03:55:48] EDIT model_seven/views/layout.html: 0
[2021-02-06 03:57:04] EDIT model_seven/views/default/index.html: 0
[2021-02-06 03:58:06] EDIT model_seven/views/default/index.html: 2
[2021-02-06 03:58:24] EDIT model_seven/views/default/index.html: 0
[2021-02-06 04:03:52] EDIT model_seven/controllers/acs_item_venda.py: -1
[2021-02-06 04:04:31] EDIT model_seven/controllers/acs_item_venda.py: 0
[2021-02-06 04:04:55] EDIT model_seven/controllers/acs_item_venda.py: 1
[2021-02-06 04:05:30] EDIT model_seven/controllers/acs_item_venda.py: 0
[2021-02-06 04:05:41] EDIT model_seven/controllers/acs_item_venda.py: 0
[2021-02-06 04:06:31] EDIT model_seven/controllers/acs_item_venda.py: 1
[2021-02-06 14:42:11] EDIT model_seven/views/acs_venda/index.html: -1
[2021-02-06 16:00:41] EDIT model_seven/views/acs_empresa/index.html: 2
[2021-02-06 16:03:42] EDIT model_seven/views/acs_empresa/index.html: 0
[2021-02-06 16:04:25] EDIT model_seven/views/acs_empresa/index.html: 1
[2021-02-06 16:04:56] EDIT model_seven/views/acs_empresa/index.html: 0
[2021-02-06 16:05:20] EDIT model_seven/views/acs_empresa/index.html: 0
[2021-02-06 16:05:24] EDIT model_seven/views/acs_empresa/index.html: 0
[2021-02-06 18:15:27] EDIT model_seven/views/acs_empresa/index.html: 1
[2021-02-06 18:15:48] EDIT model_seven/views/acs_empresa/index.html: -1
[2021-02-06 18:15:58] EDIT model_seven/views/acs_empresa/index.html: 1
[2021-02-06 18:16:28] EDIT model_seven/views/acs_empresa/index.html: 4
[2021-02-06 18:17:00] EDIT model_seven/views/acs_empresa/index.html: -5
[2021-02-06 18:17:31] EDIT model_seven/views/acs_empresa/index.html: 0
[2021-02-06 18:18:03] EDIT model_seven/views/acs_empresa/index.html: 0
[2021-02-06 18:31:18] EDIT model_seven/controllers/acs_empresa.py: 0
[2021-02-06 18:31:53] EDIT model_seven/views/acs_empresa/index.html: 2
[2021-02-06 18:32:23] EDIT model_seven/views/acs_empresa/index.html: 0
[2021-02-06 18:32:46] EDIT model_seven/controllers/acs_empresa.py: 0
[2021-02-06 18:32:59] EDIT model_seven/controllers/acs_empresa.py: 0
[2021-02-06 18:33:42] EDIT model_seven/controllers/acs_empresa.py: -3
[2021-02-06 18:34:41] EDIT model_seven/controllers/acs_empresa.py: 0
[2021-02-06 18:35:03] EDIT model_seven/views/acs_empresa/index.html: 0
[2021-02-06 18:36:37] EDIT model_seven/controllers/acs_cliente.py: 2
[2021-02-06 18:37:32] EDIT model_seven/controllers/acs_cliente.py: 32
[2021-02-06 18:37:45] CREATE acs_cliente/lista_clientes.html: 0
[2021-02-06 18:37:53] EDIT model_seven/views/acs_cliente/lista_clientes.html: 119
[2021-02-06 18:39:38] EDIT model_seven/views/acs_item_venda/lista_venda.html: 2
[2021-02-06 18:39:55] EDIT model_seven/views/acs_item_venda/lista_venda.html: 0
[2021-02-06 18:40:24] EDIT model_seven/views/acs_item_venda/lista_venda.html: 0
[2021-02-06 18:42:38] EDIT model_seven/views/acs_empresa/index.html: 14
[2021-02-06 18:42:46] EDIT model_seven/views/acs_empresa/index.html: 0
[2021-02-06 18:43:31] EDIT model_seven/controllers/acs_venda.py: 19
[2021-02-06 18:43:44] EDIT model_seven/views/acs_empresa/index.html: 0
[2021-02-06 18:46:49] EDIT model_seven/controllers/acs_venda.py: 0
[2021-02-06 18:46:57] EDIT model_seven/views/acs_empresa/index.html: 0
[2021-02-06 18:47:22] EDIT model_seven/views/acs_empresa/index.html: 0
[2021-02-06 18:47:32] EDIT model_seven/controllers/acs_venda.py: 0
[2021-02-06 18:47:45] CREATE acs_venda/lista_vendas_representante.html: 0
[2021-02-06 18:47:53] EDIT model_seven/views/acs_venda/lista_vendas_representante.html: 127
[2021-02-06 18:48:47] EDIT model_seven/views/acs_venda/lista_vendas_representante.html: 2
[2021-02-06 18:49:06] EDIT model_seven/views/acs_venda/lista_vendas_representante.html: 0
[2021-02-06 18:50:10] EDIT model_seven/models/menu.py: -1
[2021-02-06 18:52:07] EDIT model_seven/views/acs_produto/index.html: 10
[2021-02-06 18:53:53] EDIT model_seven/views/acs_empresa/index.html: 0
[2021-02-06 18:54:44] EDIT model_seven/controllers/acs_venda.py: 2
[2021-02-06 18:55:59] EDIT model_seven/views/acs_empresa/index.html: 0
[2021-02-06 18:56:03] EDIT model_seven/views/acs_empresa/index.html: 0
[2021-02-06 18:58:08] EDIT model_seven/views/acs_item_venda/lista_status.html: 1
[2021-02-06 18:58:40] EDIT model_seven/views/acs_item_venda/lista_status.html: 0
[2021-02-06 18:58:44] EDIT model_seven/views/acs_item_venda/lista_status.html: 0
[2021-02-06 18:59:19] EDIT model_seven/views/acs_item_venda/lista_status.html: 2
[2021-02-06 19:01:04] EDIT model_seven/views/acs_item_venda/lista_venda.html: 4
[2021-02-06 19:01:57] EDIT model_seven/views/acs_item_venda/lista_venda.html: 2
[2021-02-06 19:02:31] EDIT model_seven/views/acs_item_venda/lista_venda.html: 0
[2021-02-06 19:02:44] EDIT model_seven/views/acs_item_venda/lista_venda.html: 0
[2021-02-06 19:02:55] EDIT model_seven/views/acs_item_venda/lista_venda.html: 0
[2021-02-06 19:03:02] EDIT model_seven/views/acs_item_venda/lista_venda.html: 0
[2021-02-06 19:03:53] EDIT model_seven/views/acs_item_venda/lista_venda.html: 0
[2021-02-06 19:03:59] EDIT model_seven/views/acs_item_venda/lista_venda.html: 0
[2021-02-06 19:04:46] EDIT model_seven/views/acs_item_venda/lista_venda.html: 0
[2021-02-06 19:05:41] EDIT model_seven/controllers/acs_item_venda.py: 5
[2021-02-06 19:05:53] CREATE acs_item_venda/recibo_venda.html: 0
[2021-02-06 19:22:21] EDIT model_seven/views/acs_item_venda/recibo_venda.html: 51
[2021-02-06 19:23:02] EDIT model_seven/views/acs_item_venda/recibo_venda.html: 0
[2021-02-06 19:24:07] EDIT model_seven/views/acs_item_venda/recibo_venda.html: 3
[2021-02-06 19:24:58] EDIT model_seven/views/acs_item_venda/recibo_venda.html: 0
[2021-02-06 19:25:11] EDIT model_seven/views/acs_item_venda/recibo_venda.html: 0
[2021-02-06 19:26:05] EDIT model_seven/views/acs_item_venda/recibo_venda.html: 0
[2021-02-06 19:26:26] EDIT model_seven/views/acs_item_venda/recibo_venda.html: -3
[2021-02-06 19:26:38] EDIT model_seven/views/acs_item_venda/recibo_venda.html: 0
[2021-02-06 19:26:44] EDIT model_seven/views/acs_item_venda/recibo_venda.html: 0
[2021-02-06 19:27:29] EDIT model_seven/views/acs_item_venda/recibo_venda.html: 0
[2021-02-06 19:28:13] EDIT model_seven/views/acs_item_venda/recibo_venda.html: 0
[2021-02-06 19:29:09] EDIT model_seven/views/acs_item_venda/recibo_venda.html: 0
[2021-02-06 19:29:22] EDIT model_seven/views/acs_item_venda/recibo_venda.html: 0
[2021-02-06 19:29:48] EDIT model_seven/views/acs_item_venda/recibo_venda.html: 0
[2021-02-06 19:30:06] EDIT model_seven/views/acs_item_venda/recibo_venda.html: 0
[2021-02-06 19:30:19] EDIT model_seven/views/acs_item_venda/recibo_venda.html: 0
[2021-02-06 19:30:54] EDIT model_seven/views/acs_item_venda/recibo_venda.html: 2
[2021-02-06 19:31:18] EDIT model_seven/views/acs_item_venda/recibo_venda.html: 5
[2021-02-06 19:31:22] EDIT model_seven/views/acs_item_venda/recibo_venda.html: -1
[2021-02-06 19:31:37] EDIT model_seven/views/acs_item_venda/recibo_venda.html: 0
[2021-02-06 19:32:59] EDIT model_seven/views/acs_item_venda/recibo_venda.html: 1
[2021-02-06 19:33:34] EDIT model_seven/views/acs_item_venda/recibo_venda.html: 2
[2021-02-06 19:33:45] EDIT model_seven/views/acs_item_venda/recibo_venda.html: 1
[2021-02-06 19:33:55] EDIT model_seven/views/acs_item_venda/recibo_venda.html: -1
[2021-02-06 19:34:10] EDIT model_seven/views/acs_item_venda/recibo_venda.html: 0
[2021-02-06 19:34:19] EDIT model_seven/views/acs_item_venda/recibo_venda.html: 0
[2021-02-06 19:34:33] EDIT model_seven/views/acs_item_venda/recibo_venda.html: 0
[2021-02-06 19:35:25] EDIT model_seven/views/acs_item_venda/recibo_venda.html: 0
[2021-02-06 19:37:08] EDIT model_seven/views/acs_item_venda/recibo_venda.html: 0
[2021-02-06 19:37:21] EDIT model_seven/views/acs_item_venda/recibo_venda.html: 1
[2021-02-06 19:37:28] EDIT model_seven/views/acs_item_venda/recibo_venda.html: 1
[2021-02-06 19:39:05] EDIT model_seven/views/acs_item_venda/recibo_venda.html: 0
[2021-02-06 19:39:33] EDIT model_seven/views/acs_item_venda/recibo_venda.html: 0
[2021-02-06 19:40:18] EDIT model_seven/views/acs_item_venda/recibo_venda.html: 2
[2021-02-06 19:41:35] EDIT model_seven/views/acs_item_venda/recibo_venda.html: -2
[2021-02-06 19:41:52] EDIT model_seven/views/acs_item_venda/recibo_venda.html: 0
[2021-02-06 19:42:11] EDIT model_seven/views/acs_item_venda/recibo_venda.html: 0
[2021-02-06 19:57:48] EDIT model_seven/views/acs_item_venda/recibo_venda.html: 15
[2021-02-06 19:58:10] EDIT model_seven/views/acs_item_venda/recibo_venda.html: 0
[2021-02-06 20:00:00] EDIT model_seven/views/acs_item_venda/recibo_venda.html: 0
[2021-02-06 20:00:51] EDIT model_seven/views/acs_item_venda/recibo_venda.html: 0
[2021-02-06 20:01:18] EDIT model_seven/views/acs_item_venda/recibo_venda.html: 2
[2021-02-06 20:02:04] EDIT model_seven/views/acs_item_venda/recibo_venda.html: 0
[2021-02-06 20:02:28] EDIT model_seven/views/acs_item_venda/recibo_venda.html: 3
[2021-02-06 20:02:38] EDIT model_seven/views/acs_item_venda/recibo_venda.html: 0
[2021-02-06 20:02:55] EDIT model_seven/views/acs_item_venda/recibo_venda.html: 0
[2021-02-06 20:03:19] EDIT model_seven/views/acs_item_venda/recibo_venda.html: 2
[2021-02-06 20:03:39] EDIT model_seven/views/acs_item_venda/recibo_venda.html: 0
[2021-02-06 20:04:24] EDIT model_seven/views/acs_item_venda/recibo_venda.html: 2
[2021-02-06 20:04:41] EDIT model_seven/views/acs_item_venda/recibo_venda.html: 0
[2021-02-06 20:04:53] EDIT model_seven/views/acs_item_venda/recibo_venda.html: 0
[2021-02-06 20:05:00] EDIT model_seven/views/acs_item_venda/recibo_venda.html: 0
[2021-02-06 20:05:04] EDIT model_seven/views/acs_item_venda/recibo_venda.html: 0
[2021-02-06 20:05:28] EDIT model_seven/views/acs_item_venda/recibo_venda.html: 0
[2021-02-06 20:05:44] EDIT model_seven/views/acs_item_venda/recibo_venda.html: 0
[2021-02-06 20:07:10] EDIT model_seven/views/acs_item_venda/recibo_venda.html: 1
[2021-02-06 20:07:39] EDIT model_seven/views/acs_item_venda/recibo_venda.html: -1
[2021-02-06 20:08:03] EDIT model_seven/views/acs_item_venda/recibo_venda.html: 0
[2021-02-06 20:09:11] EDIT model_seven/views/acs_item_venda/recibo_venda.html: 0
[2021-02-06 20:09:18] EDIT model_seven/controllers/acs_item_venda.py: -1
[2021-02-06 20:10:54] EDIT model_seven/views/acs_item_venda/lista_venda.html: 0
[2021-02-06 20:11:03] EDIT model_seven/controllers/acs_item_venda.py: 0
[2021-02-06 20:11:28] EDIT model_seven/views/acs_item_venda/lista_venda.html: 0
[2021-02-06 20:11:35] EDIT model_seven/views/acs_item_venda/lista_venda.html: 0
[2021-02-06 20:11:48] EDIT model_seven/views/acs_item_venda/lista_venda.html: 0
[2021-02-06 20:12:22] EDIT model_seven/controllers/acs_item_venda.py: 1
[2021-02-06 20:12:26] EDIT model_seven/controllers/acs_item_venda.py: 0
[2021-02-06 20:12:41] EDIT model_seven/controllers/acs_item_venda.py: 0
[2021-02-06 20:15:16] EDIT model_seven/controllers/acs_item_venda.py: 0
[2021-02-06 20:15:41] EDIT model_seven/controllers/acs_item_venda.py: 1
[2021-02-06 20:16:27] EDIT model_seven/controllers/acs_item_venda.py: -1
[2021-02-06 20:17:32] EDIT model_seven/views/acs_item_venda/recibo_venda.html: 4
[2021-02-06 20:17:41] EDIT model_seven/views/acs_item_venda/recibo_venda.html: -1
[2021-02-06 20:18:47] EDIT model_seven/views/acs_item_venda/recibo_venda.html: 0
[2021-02-06 20:18:58] EDIT model_seven/views/acs_item_venda/recibo_venda.html: 0
[2021-02-06 20:19:08] EDIT model_seven/views/acs_item_venda/recibo_venda.html: 0
[2021-02-06 20:19:27] EDIT model_seven/views/acs_item_venda/recibo_venda.html: 0
[2021-02-06 20:19:41] EDIT model_seven/views/acs_item_venda/recibo_venda.html: 0
[2021-02-06 20:19:52] EDIT model_seven/views/acs_item_venda/recibo_venda.html: 0
[2021-02-06 20:20:37] EDIT model_seven/views/acs_item_venda/recibo_venda.html: 0
[2021-02-06 20:20:42] EDIT model_seven/views/acs_item_venda/recibo_venda.html: 0
[2021-02-06 20:21:54] EDIT model_seven/views/acs_item_venda/recibo_venda.html: 5
[2021-02-06 20:22:13] EDIT model_seven/views/acs_item_venda/recibo_venda.html: 0
[2021-02-06 20:22:48] EDIT model_seven/views/acs_item_venda/recibo_venda.html: 4
[2021-02-06 20:23:21] EDIT model_seven/views/acs_item_venda/recibo_venda.html: 6
[2021-02-06 20:23:27] EDIT model_seven/views/acs_item_venda/recibo_venda.html: 1
[2021-02-06 20:23:50] EDIT model_seven/views/acs_item_venda/recibo_venda.html: -1
[2021-02-06 20:23:56] EDIT model_seven/views/acs_item_venda/recibo_venda.html: -1
[2021-02-06 20:24:05] EDIT model_seven/views/acs_item_venda/recibo_venda.html: 2
[2021-02-06 20:24:11] EDIT model_seven/views/acs_item_venda/recibo_venda.html: -1
[2021-02-06 20:24:12] EDIT model_seven/views/acs_item_venda/recibo_venda.html: 0
[2021-02-06 20:25:21] EDIT model_seven/views/acs_item_venda/recibo_venda.html: -4
[2021-02-06 20:25:49] EDIT model_seven/views/acs_item_venda/recibo_venda.html: 0
[2021-02-06 20:26:03] EDIT model_seven/views/acs_item_venda/recibo_venda.html: 0
[2021-02-06 20:26:16] EDIT model_seven/views/acs_item_venda/recibo_venda.html: 0
[2021-02-06 20:26:23] EDIT model_seven/views/acs_item_venda/recibo_venda.html: 0
[2021-02-06 20:26:49] EDIT model_seven/views/acs_item_venda/recibo_venda.html: 2
[2021-02-06 20:26:58] EDIT model_seven/views/acs_item_venda/recibo_venda.html: 0
[2021-02-06 20:27:08] EDIT model_seven/views/acs_item_venda/recibo_venda.html: -2
[2021-02-06 20:27:25] EDIT model_seven/views/acs_item_venda/recibo_venda.html: 0
[2021-02-06 20:27:39] EDIT model_seven/views/acs_item_venda/recibo_venda.html: 0
[2021-02-06 20:38:31] EDIT model_seven/views/default/index.html: 25
[2021-02-06 20:39:07] EDIT model_seven/views/default/index.html: 0
[2021-02-06 20:39:27] EDIT model_seven/views/default/index.html: 0
[2021-02-06 20:42:49] EDIT model_seven/views/default/index.html: 0
[2021-02-06 20:43:20] EDIT model_seven/views/default/index.html: 0
[2021-02-06 20:44:09] EDIT model_seven/views/default/index.html: 0
[2021-02-06 20:44:24] EDIT model_seven/views/default/index.html: 0
[2021-02-06 20:44:27] EDIT model_seven/views/default/index.html: 0
[2021-02-06 20:45:16] EDIT model_seven/views/default/index.html: 0
[2021-02-06 20:46:18] EDIT model_seven/views/default/index.html: 0
[2021-02-06 20:47:51] EDIT model_seven/views/default/index.html: 20
[2021-02-06 20:48:20] EDIT model_seven/views/default/index.html: 0
[2021-02-06 20:48:41] EDIT model_seven/views/default/index.html: 0
[2021-02-06 20:49:20] EDIT model_seven/views/default/index.html: 0
[2024-02-09 00:45:19] CREATE funcoes_whatsapp.py: 0
[2024-02-09 00:45:29] EDIT model_seven/models/funcoes_whatsapp.py: 22
[2024-02-09 00:45:50] EDIT model_seven/controllers/acs_empresa.py: 2
[2024-02-13 20:56:35] EDIT model_seven/controllers/acs_empresa.py: 0
[2024-02-13 20:58:40] EDIT model_seven/controllers/acs_empresa.py: 0
