timestamp: 2021-01-31T19:38:39.020757
CREATE TABLE "auth_user"(
    "id" INTEGER PRIMARY KEY AUTOINCREMENT,
    "first_name" CHAR(128),
    "last_name" CHAR(128),
    "email" CHAR(512),
    "password" CHAR(512),
    "registration_key" CHAR(512),
    "reset_password_key" CHAR(512),
    "registration_id" CHAR(512)
);
success!
timestamp: 2021-01-31T19:38:39.933433
CREATE TABLE "auth_group"(
    "id" INTEGER PRIMARY KEY AUTOINCREMENT,
    "role" CHAR(512),
    "description" TEXT
);
success!
timestamp: 2021-01-31T19:38:40.348809
CREATE TABLE "auth_membership"(
    "id" INTEGER PRIMARY KEY AUTOINCREMENT,
    "user_id" INTEGER REFERENCES "auth_user" ("id") ON DELETE CASCADE  ,
    "group_id" INTEGER REFERENCES "auth_group" ("id") ON DELETE CASCADE  
);
success!
timestamp: 2021-01-31T19:38:40.784635
CREATE TABLE "auth_permission"(
    "id" INTEGER PRIMARY KEY AUTOINCREMENT,
    "group_id" INTEGER REFERENCES "auth_group" ("id") ON DELETE CASCADE  ,
    "name" CHAR(512),
    "table_name" CHAR(512),
    "record_id" INTEGER
);
success!
timestamp: 2021-01-31T19:38:41.452817
CREATE TABLE "auth_event"(
    "id" INTEGER PRIMARY KEY AUTOINCREMENT,
    "time_stamp" TIMESTAMP,
    "client_ip" CHAR(512),
    "user_id" INTEGER REFERENCES "auth_user" ("id") ON DELETE CASCADE  ,
    "origin" CHAR(512),
    "description" TEXT
);
success!
timestamp: 2021-01-31T19:38:42.310772
CREATE TABLE "auth_cas"(
    "id" INTEGER PRIMARY KEY AUTOINCREMENT,
    "user_id" INTEGER REFERENCES "auth_user" ("id") ON DELETE CASCADE  ,
    "created_on" TIMESTAMP,
    "service" CHAR(512),
    "ticket" CHAR(512),
    "renew" CHAR(1)
);
success!
timestamp: 2021-02-01T01:18:16.055926
CREATE TABLE "empresa"(
    "id" INTEGER PRIMARY KEY AUTOINCREMENT,
    "proprietario" INTEGER REFERENCES "auth_user" ("id") ON DELETE CASCADE  NOT NULL DEFAULT 1 ,
    "razaosocial" CHAR(512),
    "nomefantasia" CHAR(512),
    "cnpj" CHAR(512),
    "inscricaoestarual" CHAR(512),
    "inscricaomunicipal" CHAR(512),
    "crt" CHAR(512),
    "cep" CHAR(512),
    "lougradouro" CHAR(512),
    "numero" CHAR(512),
    "bairro" CHAR(512),
    "uf" CHAR(512),
    "cidade" CHAR(512),
    "complemento" CHAR(512),
    "email" CHAR(512),
    "telefone" CHAR(512),
    "celular" CHAR(512),
    "limite_clientes" INTEGER,
    "limite_logins" INTEGER,
    "limite_produtos" INTEGER,
    "limite_fornecedores" INTEGER,
    "limite_vendas" INTEGER,
    "data_bloqueio" DATE NOT NULL DEFAULT '2021-02-01',
    "ativo" CHAR(1),
    "is_active" CHAR(1),
    "created_on" TIMESTAMP,
    "created_by" INTEGER REFERENCES "auth_user" ("id") ON DELETE CASCADE  ,
    "modified_on" TIMESTAMP,
    "modified_by" INTEGER REFERENCES "auth_user" ("id") ON DELETE CASCADE  
);
success!
timestamp: 2021-02-01T01:18:20.871150
CREATE TABLE "usuario_empresa"(
    "id" INTEGER PRIMARY KEY AUTOINCREMENT,
    "usuario" INTEGER REFERENCES "auth_user" ("id") ON DELETE CASCADE  ,
    "empresa" INTEGER REFERENCES "empresa" ("id") ON DELETE CASCADE  ,
    "nome" CHAR(512),
    "tipo" CHAR(512),
    "comissao" DOUBLE NOT NULL DEFAULT 10.0,
    "ativo" CHAR(1)
);
success!
timestamp: 2021-02-01T01:18:22.285477
CREATE TABLE "pessoa"(
    "id" INTEGER PRIMARY KEY AUTOINCREMENT,
    "empresa" INTEGER REFERENCES "empresa" ("id") ON DELETE CASCADE  ,
    "representante" INTEGER REFERENCES "usuario_empresa" ("id") ON DELETE CASCADE  ,
    "tipo" CHAR(512),
    "razaosocial_nome" CHAR(512) NOT NULL,
    "sexo" CHAR(512) NOT NULL DEFAULT 'M',
    "estado_civil" CHAR(512) NOT NULL DEFAULT 'Solteiro(a)',
    "apelido_nome_fantasia" CHAR(512),
    "cpf" CHAR(512) NOT NULL,
    "org_espedidor_cpf" CHAR(512) NOT NULL DEFAULT 'SSP',
    "rg" CHAR(512) NOT NULL,
    "org_espedidor_rg" CHAR(512) NOT NULL DEFAULT 'SSP',
    "cep" CHAR(512),
    "lougradouro" CHAR(512),
    "numero" CHAR(512),
    "bairro" CHAR(512),
    "uf" CHAR(512),
    "cidade" CHAR(512),
    "complemento" CHAR(512),
    "email" CHAR(512),
    "telefone" CHAR(512),
    "celular" CHAR(512) NOT NULL DEFAULT '(88)98888-8888',
    "ativo" CHAR(1),
    "is_active" CHAR(1),
    "created_on" TIMESTAMP,
    "created_by" INTEGER REFERENCES "auth_user" ("id") ON DELETE CASCADE  ,
    "modified_on" TIMESTAMP,
    "modified_by" INTEGER REFERENCES "auth_user" ("id") ON DELETE CASCADE  
);
success!
timestamp: 2021-02-01T01:18:26.159415
CREATE TABLE "fornecedor"(
    "id" INTEGER PRIMARY KEY AUTOINCREMENT,
    "empresa" INTEGER REFERENCES "empresa" ("id") ON DELETE CASCADE  ,
    "nome" CHAR(512),
    "descricao" CHAR(512),
    "total_compra" DOUBLE NOT NULL DEFAULT 0.0,
    "total_pago" DOUBLE NOT NULL DEFAULT 0.0,
    "total_devolvido" DOUBLE NOT NULL DEFAULT 0.0,
    "ativo" CHAR(1),
    "is_active" CHAR(1),
    "created_on" TIMESTAMP,
    "created_by" INTEGER REFERENCES "auth_user" ("id") ON DELETE CASCADE  ,
    "modified_on" TIMESTAMP,
    "modified_by" INTEGER REFERENCES "auth_user" ("id") ON DELETE CASCADE  
);
success!
timestamp: 2021-02-01T01:18:27.777206
CREATE TABLE "produto"(
    "id" INTEGER PRIMARY KEY AUTOINCREMENT,
    "empresa" INTEGER REFERENCES "empresa" ("id") ON DELETE CASCADE  ,
    "fornecedor" INTEGER REFERENCES "fornecedor" ("id") ON DELETE CASCADE  ,
    "descricao" CHAR(512),
    "quant_estoque" INTEGER,
    "custo_unitario" DOUBLE NOT NULL DEFAULT 0.0,
    "preco_unitario" DOUBLE NOT NULL DEFAULT 0.0,
    "ativo" CHAR(1),
    "is_active" CHAR(1),
    "created_on" TIMESTAMP,
    "created_by" INTEGER REFERENCES "auth_user" ("id") ON DELETE CASCADE  ,
    "modified_on" TIMESTAMP,
    "modified_by" INTEGER REFERENCES "auth_user" ("id") ON DELETE CASCADE  
);
success!
timestamp: 2021-02-01T01:37:16.794530
CREATE TABLE "venda"(
    "id" INTEGER PRIMARY KEY AUTOINCREMENT,
    "empresa" INTEGER REFERENCES "empresa" ("id") ON DELETE CASCADE  ,
    "cliente" INTEGER REFERENCES "pessoa" ("id") ON DELETE CASCADE  ,
    "representante" INTEGER REFERENCES "usuario_empresa" ("id") ON DELETE CASCADE  ,
    "codigo" CHAR(512),
    "data_venda" DATE NOT NULL DEFAULT '2021-02-01',
    "status" CHAR(512),
    "ativo" CHAR(1),
    "is_active" CHAR(1),
    "created_on" TIMESTAMP,
    "created_by" INTEGER REFERENCES "auth_user" ("id") ON DELETE CASCADE  ,
    "modified_on" TIMESTAMP,
    "modified_by" INTEGER REFERENCES "auth_user" ("id") ON DELETE CASCADE  
);
success!
timestamp: 2021-02-01T01:37:18.291731
CREATE TABLE "item_venda"(
    "id" INTEGER PRIMARY KEY AUTOINCREMENT,
    "empresa" INTEGER REFERENCES "empresa" ("id") ON DELETE CASCADE  ,
    "cliente" INTEGER REFERENCES "pessoa" ("id") ON DELETE CASCADE  ,
    "fornecedor" INTEGER REFERENCES "fornecedor" ("id") ON DELETE CASCADE  ,
    "produto" INTEGER REFERENCES "produto" ("id") ON DELETE CASCADE  ,
    "venda" INTEGER REFERENCES "venda" ("id") ON DELETE CASCADE  ,
    "representante" INTEGER REFERENCES "usuario_empresa" ("id") ON DELETE CASCADE  ,
    "codigo" CHAR(512),
    "data_venda" DATE NOT NULL DEFAULT '2021-02-01',
    "quantidade" INTEGER,
    "custo_unitario" DOUBLE NOT NULL DEFAULT 0.0,
    "preco_unitario" DOUBLE NOT NULL DEFAULT 0.0,
    "custo_total" CHAR(512),
    "preco_total" CHAR(512),
    "comissao" DOUBLE NOT NULL DEFAULT 0.0,
    "status" CHAR(512),
    "conferida" CHAR(1),
    "ativo" CHAR(1),
    "is_active" CHAR(1),
    "created_on" TIMESTAMP,
    "created_by" INTEGER REFERENCES "auth_user" ("id") ON DELETE CASCADE  ,
    "modified_on" TIMESTAMP,
    "modified_by" INTEGER REFERENCES "auth_user" ("id") ON DELETE CASCADE  
);
success!
timestamp: 2021-02-01T03:10:02.671350
ALTER TABLE "fornecedor" ADD "celular" CHAR(512);
timestamp: 2021-02-01T03:10:02.735540
ALTER TABLE "fornecedor" ADD "telefone" CHAR(512);
success!
timestamp: 2021-02-01T04:00:00.838286
ALTER TABLE "venda" ADD "preco_total" DOUBLE NOT NULL DEFAULT 0.0;
timestamp: 2021-02-01T04:00:05.686075
ALTER TABLE "venda" ADD "custo_total" DOUBLE NOT NULL DEFAULT 0.0;
success!
timestamp: 2021-02-02T21:36:36.782391
ALTER TABLE "venda" ADD "comissao_total" DOUBLE NOT NULL DEFAULT 0.0;
success!
timestamp: 2021-02-02T23:38:24.631151
CREATE TABLE "registro_empresa"(
    "id" INTEGER PRIMARY KEY AUTOINCREMENT,
    "empresa" INTEGER REFERENCES "empresa" ("id") ON DELETE CASCADE  ,
    "data_ocorrencia" DATE NOT NULL DEFAULT '2021-02-02',
    "descricao" CHAR(512),
    "valor" DOUBLE NOT NULL DEFAULT 0.0,
    "tipo" CHAR(512),
    "conferida" CHAR(1),
    "is_active" CHAR(1),
    "created_on" TIMESTAMP,
    "created_by" INTEGER REFERENCES "auth_user" ("id") ON DELETE CASCADE  ,
    "modified_on" TIMESTAMP,
    "modified_by" INTEGER REFERENCES "auth_user" ("id") ON DELETE CASCADE  
);
success!
timestamp: 2021-02-02T23:46:30.862290
CREATE TABLE "registro_representante"(
    "id" INTEGER PRIMARY KEY AUTOINCREMENT,
    "empresa" INTEGER REFERENCES "empresa" ("id") ON DELETE CASCADE  ,
    "representante" INTEGER REFERENCES "usuario_empresa" ("id") ON DELETE CASCADE  ,
    "data_ocorrencia" DATE NOT NULL DEFAULT '2021-02-02',
    "descricao" CHAR(512),
    "valor" DOUBLE NOT NULL DEFAULT 0.0,
    "tipo" CHAR(512),
    "conferida" CHAR(1),
    "is_active" CHAR(1),
    "created_on" TIMESTAMP,
    "created_by" INTEGER REFERENCES "auth_user" ("id") ON DELETE CASCADE  ,
    "modified_on" TIMESTAMP,
    "modified_by" INTEGER REFERENCES "auth_user" ("id") ON DELETE CASCADE  
);
success!
timestamp: 2021-02-02T23:46:32.509456
CREATE TABLE "registro_cliente"(
    "id" INTEGER PRIMARY KEY AUTOINCREMENT,
    "empresa" INTEGER REFERENCES "empresa" ("id") ON DELETE CASCADE  ,
    "cliente" INTEGER REFERENCES "pessoa" ("id") ON DELETE CASCADE  ,
    "venda" INTEGER REFERENCES "venda" ("id") ON DELETE CASCADE  ,
    "data_ocorrencia" DATE NOT NULL DEFAULT '2021-02-02',
    "descricao" CHAR(512),
    "valor" DOUBLE NOT NULL DEFAULT 0.0,
    "tipo" CHAR(512),
    "conferida" CHAR(1),
    "is_active" CHAR(1),
    "created_on" TIMESTAMP,
    "created_by" INTEGER REFERENCES "auth_user" ("id") ON DELETE CASCADE  ,
    "modified_on" TIMESTAMP,
    "modified_by" INTEGER REFERENCES "auth_user" ("id") ON DELETE CASCADE  
);
success!
timestamp: 2021-02-03T03:40:01.692419
ALTER TABLE "venda" ADD "recebido_total" DOUBLE NOT NULL DEFAULT 0.0;
success!
timestamp: 2021-02-03T05:27:54.258336
ALTER TABLE "venda" ADD "conferida" CHAR(1);
success!
timestamp: 2021-02-03T05:35:13.411510
ALTER TABLE "venda" ADD "devolvido_total" DOUBLE NOT NULL DEFAULT 0.0;
success!
success!
